#! /usr/share/iverilog-0.9.7/bin/vvp
:ivl_version "0.9.7 " "(v0_9_6)";
:vpi_time_precision + 0;
:vpi_module "system";
:vpi_module "v2005_math";
:vpi_module "va_math";
S_0xb3f5f0 .scope module, "tb_decoder_2to4" "tb_decoder_2to4" 2 1;
 .timescale 0 0;
v0xb4efe0_0 .var "input_bits", 1 0;
v0xb4f0b0_0 .net "output_bits", 3 0, v0xb4ef40_0; 1 drivers
S_0xb3f6e0 .scope module, "uut" "decoder_2to4" 2 6, 3 1, S_0xb3f5f0;
 .timescale 0 0;
v0xb1c4a0_0 .net "input_bits", 1 0, v0xb4efe0_0; 1 drivers
v0xb4ef40_0 .var "output_bits", 3 0;
E_0xb1b620 .event edge, v0xb1c4a0_0;
    .scope S_0xb3f6e0;
T_0 ;
    %wait E_0xb1b620;
    %load/v 8, v0xb1c4a0_0, 2;
    %cmpi/u 8, 0, 2;
    %jmp/1 T_0.0, 6;
    %cmpi/u 8, 1, 2;
    %jmp/1 T_0.1, 6;
    %cmpi/u 8, 2, 2;
    %jmp/1 T_0.2, 6;
    %cmpi/u 8, 3, 2;
    %jmp/1 T_0.3, 6;
    %set/v v0xb4ef40_0, 0, 4;
    %jmp T_0.5;
T_0.0 ;
    %movi 8, 1, 4;
    %set/v v0xb4ef40_0, 8, 4;
    %jmp T_0.5;
T_0.1 ;
    %movi 8, 2, 4;
    %set/v v0xb4ef40_0, 8, 4;
    %jmp T_0.5;
T_0.2 ;
    %movi 8, 4, 4;
    %set/v v0xb4ef40_0, 8, 4;
    %jmp T_0.5;
T_0.3 ;
    %movi 8, 8, 4;
    %set/v v0xb4ef40_0, 8, 4;
    %jmp T_0.5;
T_0.5 ;
    %jmp T_0;
    .thread T_0, $push;
    .scope S_0xb3f5f0;
T_1 ;
    %vpi_call 2 13 "$dumpfile", "waveform.vcd";
    %vpi_call 2 14 "$dumpvars", 1'sb0, S_0xb3f5f0;
    %set/v v0xb4efe0_0, 0, 2;
    %delay 5, 0;
    %movi 8, 1, 2;
    %set/v v0xb4efe0_0, 8, 2;
    %delay 5, 0;
    %movi 8, 2, 2;
    %set/v v0xb4efe0_0, 8, 2;
    %delay 5, 0;
    %set/v v0xb4efe0_0, 1, 2;
    %vpi_call 2 25 "$finish";
    %end;
    .thread T_1;
# The file index is used to find the file name in the following table.
:file_names 4;
    "N/A";
    "<interactive>";
    "testbench.sv";
    "design.sv";
