#! /usr/share/iverilog-0.9.7/bin/vvp
:ivl_version "0.9.7 " "(v0_9_6)";
:vpi_time_precision + 0;
:vpi_module "system";
:vpi_module "v2005_math";
:vpi_module "va_math";
S_0x141e980 .scope module, "tb_siso_register" "tb_siso_register" 2 1;
 .timescale 0 0;
v0x14304b0_0 .var "clock", 0 0;
v0x1430580_0 .var "serial_in", 0 0;
v0x1430630_0 .net "serial_out", 0 0, v0x14302c0_0; 1 drivers
v0x14306e0_0 .var "shift", 0 0;
S_0x141ea70 .scope module, "uut" "siso_register" 2 8, 3 1, S_0x141e980;
 .timescale 0 0;
v0x141eb60_0 .net "clock", 0 0, v0x14304b0_0; 1 drivers
v0x1430220_0 .net "serial_in", 0 0, v0x1430580_0; 1 drivers
v0x14302c0_0 .var "serial_out", 0 0;
v0x1430360_0 .net "shift", 0 0, v0x14306e0_0; 1 drivers
v0x1430410_0 .var "shift_reg", 3 0;
E_0x13fa9f0 .event posedge, v0x141eb60_0;
    .scope S_0x141ea70;
T_0 ;
    %wait E_0x13fa9f0;
    %load/v 8, v0x1430360_0, 1;
    %jmp/0xz  T_0.0, 8;
    %load/v 8, v0x1430220_0, 1;
    %load/v 9, v0x1430410_0, 3; Select 3 out of 4 bits
    %ix/load 0, 4, 0;
    %assign/v0 v0x1430410_0, 0, 8;
T_0.0 ;
    %jmp T_0;
    .thread T_0;
    .scope S_0x141ea70;
T_1 ;
    %wait E_0x13fa9f0;
    %ix/load 1, 3, 0;
    %mov 4, 0, 1;
    %jmp/1 T_1.0, 4;
    %load/x1p 8, v0x1430410_0, 1;
    %jmp T_1.1;
T_1.0 ;
    %mov 8, 2, 1;
T_1.1 ;
; Save base=8 wid=1 in lookaside.
    %ix/load 0, 1, 0;
    %assign/v0 v0x14302c0_0, 0, 8;
    %jmp T_1;
    .thread T_1;
    .scope S_0x141e980;
T_2 ;
    %vpi_call 2 17 "$dumpfile", "waveform.vcd";
    %vpi_call 2 18 "$dumpvars", 1'sb0, S_0x141e980;
    %set/v v0x1430580_0, 1, 1;
    %set/v v0x14304b0_0, 0, 1;
    %set/v v0x14306e0_0, 0, 1;
    %delay 5, 0;
    %set/v v0x14306e0_0, 1, 1;
    %delay 5, 0;
    %set/v v0x14306e0_0, 0, 1;
    %set/v v0x1430580_0, 0, 1;
    %delay 5, 0;
    %set/v v0x14306e0_0, 1, 1;
    %delay 5, 0;
    %set/v v0x14306e0_0, 0, 1;
    %set/v v0x1430580_0, 1, 1;
    %delay 5, 0;
    %set/v v0x14306e0_0, 1, 1;
    %movi 8, 10, 5;
T_2.0 %cmp/s 0, 8, 5;
    %jmp/0xz T_2.1, 5;
    %add 8, 1, 5;
    %delay 5, 0;
    %load/v 13, v0x14304b0_0, 1;
    %inv 13, 1;
    %set/v v0x14304b0_0, 13, 1;
    %jmp T_2.0;
T_2.1 ;
    %vpi_call 2 40 "$finish";
    %end;
    .thread T_2;
# The file index is used to find the file name in the following table.
:file_names 4;
    "N/A";
    "<interactive>";
    "testbench.sv";
    "design.sv";
