#! /usr/share/iverilog-0.9.7/bin/vvp
:ivl_version "0.9.7 " "(v0_9_6)";
:vpi_time_precision + 0;
:vpi_module "system";
:vpi_module "v2005_math";
:vpi_module "va_math";
S_0x1536c90 .scope module, "tb_mac_unit" "tb_mac_unit" 2 1;
 .timescale 0 0;
v0x1548780_0 .var "clock", 0 0;
v0x1548820_0 .var "operand_a", 3 0;
v0x15488d0_0 .var "operand_b", 3 0;
v0x1548980_0 .var "reset", 0 0;
v0x1548a60_0 .net "result", 7 0, v0x15486a0_0; 1 drivers
S_0x1536d80 .scope module, "uut" "mac_unit" 2 9, 3 1, S_0x1536c90;
 .timescale 0 0;
v0x15142e0_0 .var "accumulator", 7 0;
v0x1548410_0 .net "clock", 0 0, v0x1548780_0; 1 drivers
v0x15484b0_0 .net "operand_a", 3 0, v0x1548820_0; 1 drivers
v0x1548550_0 .net "operand_b", 3 0, v0x15488d0_0; 1 drivers
v0x1548600_0 .net "reset", 0 0, v0x1548980_0; 1 drivers
v0x15486a0_0 .var "result", 7 0;
E_0x1512200 .event posedge, v0x1548600_0, v0x1548410_0;
    .scope S_0x1536d80;
T_0 ;
    %wait E_0x1512200;
    %load/v 8, v0x1548600_0, 1;
    %jmp/0xz  T_0.0, 8;
    %ix/load 0, 8, 0;
    %assign/v0 v0x15142e0_0, 0, 0;
    %jmp T_0.1;
T_0.0 ;
    %load/v 8, v0x15142e0_0, 8;
    %load/v 16, v0x15484b0_0, 4;
    %mov 20, 0, 4;
    %load/v 24, v0x1548550_0, 4;
    %mov 28, 0, 4;
    %mul 16, 24, 8;
    %add 8, 16, 8;
    %ix/load 0, 8, 0;
    %assign/v0 v0x15142e0_0, 0, 8;
T_0.1 ;
    %jmp T_0;
    .thread T_0;
    .scope S_0x1536c90;
T_1 ;
    %vpi_call 2 19 "$dumpfile", "waveform.vcd";
    %vpi_call 2 20 "$dumpvars", 1'sb0, S_0x1536c90;
    %movi 8, 5, 4;
    %set/v v0x1548820_0, 8, 4;
    %movi 8, 2, 4;
    %set/v v0x15488d0_0, 8, 4;
    %set/v v0x1548780_0, 0, 1;
    %set/v v0x1548980_0, 0, 1;
    %delay 5, 0;
    %movi 8, 13, 4;
    %set/v v0x1548820_0, 8, 4;
    %delay 5, 0;
    %movi 8, 11, 4;
    %set/v v0x15488d0_0, 8, 4;
    %delay 5, 0;
    %set/v v0x1548980_0, 1, 1;
    %delay 5, 0;
    %set/v v0x1548980_0, 0, 1;
    %delay 10, 0;
    %set/v v0x1548780_0, 1, 1;
    %delay 5, 0;
    %set/v v0x1548780_0, 0, 1;
    %vpi_call 2 36 "$finish";
    %end;
    .thread T_1;
# The file index is used to find the file name in the following table.
:file_names 4;
    "N/A";
    "<interactive>";
    "testbench.sv";
    "design.sv";
