#! /usr/share/iverilog-0.9.7/bin/vvp
:ivl_version "0.9.7 " "(v0_9_6)";
:vpi_time_precision + 0;
:vpi_module "system";
:vpi_module "v2005_math";
:vpi_module "va_math";
S_0x7f01d0 .scope module, "tb_overlapping_sequence_detector" "tb_overlapping_sequence_detector" 2 1;
 .timescale 0 0;
v0x801e00_0 .var "clk", 0 0;
v0x801ed0_0 .var "data_in", 3 0;
v0x801f80_0 .net "detected", 0 0, v0x801c10_0; 1 drivers
v0x802030_0 .var "reset", 0 0;
S_0x7f02c0 .scope module, "uut" "overlapping_sequence_detector" 2 8, 3 1, S_0x7f01d0;
 .timescale 0 0;
v0x7cd570_0 .net "clk", 0 0, v0x801e00_0; 1 drivers
v0x801b70_0 .net "data_in", 3 0, v0x801ed0_0; 1 drivers
v0x801c10_0 .var "detected", 0 0;
v0x801cb0_0 .net "reset", 0 0, v0x802030_0; 1 drivers
v0x801d60_0 .var "shift_reg", 3 0;
E_0x7cbe30 .event posedge, v0x801cb0_0, v0x7cd570_0;
    .scope S_0x7f02c0;
T_0 ;
    %wait E_0x7cbe30;
    %load/v 8, v0x801cb0_0, 1;
    %jmp/0xz  T_0.0, 8;
    %ix/load 0, 4, 0;
    %assign/v0 v0x801d60_0, 0, 0;
    %ix/load 0, 1, 0;
    %assign/v0 v0x801c10_0, 0, 0;
    %jmp T_0.1;
T_0.0 ;
    %load/v 8, v0x801b70_0, 4;
    %load/v 12, v0x801d60_0, 3; Select 3 out of 4 bits
    %ix/load 0, 4, 0;
    %assign/v0 v0x801d60_0, 0, 8;
    %load/v 8, v0x801d60_0, 4;
    %cmpi/u 8, 11, 4;
    %jmp/0xz  T_0.2, 4;
    %ix/load 0, 1, 0;
    %assign/v0 v0x801c10_0, 0, 1;
    %jmp T_0.3;
T_0.2 ;
    %ix/load 0, 1, 0;
    %assign/v0 v0x801c10_0, 0, 0;
T_0.3 ;
T_0.1 ;
    %jmp T_0;
    .thread T_0;
    .scope S_0x7f01d0;
T_1 ;
    %vpi_call 2 17 "$dumpfile", "waveform.vcd";
    %vpi_call 2 18 "$dumpvars", 1'sb0, S_0x7f01d0;
    %set/v v0x801e00_0, 0, 1;
    %set/v v0x802030_0, 0, 1;
    %set/v v0x801ed0_0, 0, 4;
    %delay 5, 0;
    %set/v v0x802030_0, 1, 1;
    %delay 5, 0;
    %set/v v0x802030_0, 0, 1;
    %delay 10, 0;
    %set/v v0x801e00_0, 1, 1;
    %delay 5, 0;
    %set/v v0x801e00_0, 0, 1;
    %movi 8, 11, 4;
    %set/v v0x801ed0_0, 8, 4;
    %delay 10, 0;
    %set/v v0x801e00_0, 1, 1;
    %delay 5, 0;
    %set/v v0x801e00_0, 0, 1;
    %movi 8, 13, 4;
    %set/v v0x801ed0_0, 8, 4;
    %vpi_call 2 32 "$finish";
    %end;
    .thread T_1;
# The file index is used to find the file name in the following table.
:file_names 4;
    "N/A";
    "<interactive>";
    "testbench.sv";
    "design.sv";
