#! /usr/share/iverilog-0.9.7/bin/vvp
:ivl_version "0.9.7 " "(v0_9_6)";
:vpi_time_precision + 0;
:vpi_module "system";
:vpi_module "v2005_math";
:vpi_module "va_math";
S_0x14df640 .scope module, "tb_full_wave_rectifier" "tb_full_wave_rectifier" 2 1;
 .timescale 0 0;
v0x14efcc0_0 .var "clk", 0 0;
v0x14efd90_0 .net "rectified_wave", 7 0, v0x14efb80_0; 1 drivers
v0x14efe40_0 .var "sine_wave", 7 0;
S_0x14df730 .scope module, "uut" "full_wave_rectifier" 2 7, 3 1, S_0x14df640;
 .timescale 0 0;
v0x14bc860_0 .net "clk", 0 0, v0x14efcc0_0; 1 drivers
v0x14efb80_0 .var "rectified_wave", 7 0;
v0x14efc20_0 .net "sine_wave", 7 0, v0x14efe40_0; 1 drivers
E_0x14df8e0 .event posedge, v0x14bc860_0;
    .scope S_0x14df730;
T_0 ;
    %wait E_0x14df8e0;
    %movi 8, 128, 8;
    %load/v 16, v0x14efc20_0, 8;
    %cmp/u 8, 16, 8;
    %or 5, 4, 1;
    %jmp/0xz  T_0.0, 5;
    %load/v 8, v0x14efc20_0, 8;
    %subi 8, 128, 8;
    %ix/load 0, 8, 0;
    %assign/v0 v0x14efb80_0, 0, 8;
    %jmp T_0.1;
T_0.0 ;
    %movi 8, 128, 8;
    %load/v 16, v0x14efc20_0, 8;
    %sub 8, 16, 8;
    %ix/load 0, 8, 0;
    %assign/v0 v0x14efb80_0, 0, 8;
T_0.1 ;
    %jmp T_0;
    .thread T_0;
    .scope S_0x14df640;
T_1 ;
    %vpi_call 2 15 "$dumpfile", "waveform.vcd";
    %vpi_call 2 16 "$dumpvars", 1'sb0, S_0x14df640;
    %set/v v0x14efcc0_0, 0, 1;
    %set/v v0x14efe40_0, 0, 8;
    %delay 5, 0;
    %movi 8, 85, 8;
    %set/v v0x14efe40_0, 8, 8;
    %delay 5, 0;
    %movi 8, 219, 8;
    %set/v v0x14efe40_0, 8, 8;
    %delay 5, 0;
    %set/v v0x14efe40_0, 0, 8;
    %movi 8, 10, 5;
T_1.0 %cmp/s 0, 8, 5;
    %jmp/0xz T_1.1, 5;
    %add 8, 1, 5;
    %delay 5, 0;
    %load/v 13, v0x14efcc0_0, 1;
    %inv 13, 1;
    %set/v v0x14efcc0_0, 13, 1;
    %jmp T_1.0;
T_1.1 ;
    %vpi_call 2 33 "$finish";
    %end;
    .thread T_1;
# The file index is used to find the file name in the following table.
:file_names 4;
    "N/A";
    "<interactive>";
    "testbench.sv";
    "design.sv";
