#! /usr/share/iverilog-0.9.7/bin/vvp
:ivl_version "0.9.7 " "(v0_9_6)";
:vpi_time_precision + 0;
:vpi_module "system";
:vpi_module "v2005_math";
:vpi_module "va_math";
S_0x279a440 .scope module, "testbench" "testbench" 2 1;
 .timescale 0 0;
v0x27abec0_0 .var "clk", 0 0;
v0x27abf90_0 .net "count", 1 0, v0x27abd80_0; 1 drivers
v0x27ac040_0 .var "reset", 0 0;
S_0x279a530 .scope module, "uut" "mod4_up_counter" 2 7, 3 1, S_0x279a440;
 .timescale 0 0;
v0x2778070_0 .net "clk", 0 0, v0x27abec0_0; 1 drivers
v0x27abd80_0 .var "count", 1 0;
v0x27abe20_0 .net "reset", 0 0, v0x27ac040_0; 1 drivers
E_0x27765e0 .event posedge, v0x27abe20_0, v0x2778070_0;
    .scope S_0x279a530;
T_0 ;
    %wait E_0x27765e0;
    %load/v 8, v0x27abe20_0, 1;
    %jmp/0xz  T_0.0, 8;
    %ix/load 0, 2, 0;
    %assign/v0 v0x27abd80_0, 0, 0;
    %jmp T_0.1;
T_0.0 ;
    %load/v 8, v0x27abd80_0, 2;
    %mov 10, 0, 30;
    %addi 8, 1, 32;
    %ix/load 0, 2, 0;
    %assign/v0 v0x27abd80_0, 0, 8;
T_0.1 ;
    %jmp T_0;
    .thread T_0;
    .scope S_0x279a440;
T_1 ;
    %vpi_call 2 15 "$dumpfile", "waveform.vcd";
    %vpi_call 2 16 "$dumpvars", 1'sb0, S_0x279a440;
    %set/v v0x27abec0_0, 0, 1;
    %set/v v0x27ac040_0, 0, 1;
    %delay 5, 0;
    %set/v v0x27ac040_0, 1, 1;
    %delay 5, 0;
    %set/v v0x27ac040_0, 0, 1;
    %delay 10, 0;
    %set/v v0x27abec0_0, 1, 1;
    %delay 5, 0;
    %set/v v0x27abec0_0, 0, 1;
    %delay 10, 0;
    %set/v v0x27abec0_0, 1, 1;
    %delay 5, 0;
    %set/v v0x27abec0_0, 0, 1;
    %delay 10, 0;
    %set/v v0x27abec0_0, 1, 1;
    %delay 5, 0;
    %set/v v0x27abec0_0, 0, 1;
    %delay 10, 0;
    %set/v v0x27abec0_0, 1, 1;
    %delay 5, 0;
    %set/v v0x27abec0_0, 0, 1;
    %vpi_call 2 31 "$finish";
    %end;
    .thread T_1;
# The file index is used to find the file name in the following table.
:file_names 4;
    "N/A";
    "<interactive>";
    "testbench.sv";
    "design.sv";
