#! /usr/share/iverilog-0.9.7/bin/vvp
:ivl_version "0.9.7 " "(v0_9_6)";
:vpi_time_precision + 0;
:vpi_module "system";
:vpi_module "v2005_math";
:vpi_module "va_math";
S_0x163bad0 .scope module, "nand_gate_tb" "nand_gate_tb" 2 3;
 .timescale 0 0;
v0x164b750_0 .var "a", 0 0;
v0x164b820_0 .var "b", 0 0;
v0x164b8d0_0 .net "y", 0 0, L_0x164b980; 1 drivers
S_0x163bbc0 .scope module, "uut" "nand_gate_s" 2 7, 3 3, S_0x163bad0;
 .timescale 0 0;
L_0x164b980 .functor NAND 1, v0x164b750_0, v0x164b820_0, C4<1>, C4<1>;
v0x1619200_0 .net "a", 0 0, v0x164b750_0; 1 drivers
v0x164b610_0 .net "b", 0 0, v0x164b820_0; 1 drivers
v0x164b6b0_0 .alias "y", 0 0, v0x164b8d0_0;
    .scope S_0x163bad0;
T_0 ;
    %vpi_call 2 10 "$dumpfile", "dump.vcd";
    %vpi_call 2 11 "$dumpvars", 2'sb01;
    %set/v v0x164b750_0, 0, 1;
    %set/v v0x164b820_0, 0, 1;
    %delay 10, 0;
    %set/v v0x164b820_0, 0, 1;
    %set/v v0x164b820_0, 1, 1;
    %delay 10, 0;
    %set/v v0x164b750_0, 1, 1;
    %set/v v0x164b820_0, 0, 1;
    %delay 10, 0;
    %set/v v0x164b820_0, 1, 1;
    %set/v v0x164b820_0, 1, 1;
    %delay 10, 0;
    %vpi_call 2 20 "$finish";
    %end;
    .thread T_0;
# The file index is used to find the file name in the following table.
:file_names 4;
    "N/A";
    "<interactive>";
    "testbench.sv";
    "design.sv";
