#! /usr/share/iverilog-0.9.7/bin/vvp
:ivl_version "0.9.7 " "(v0_9_6)";
:vpi_time_precision + 0;
:vpi_module "system";
:vpi_module "v2005_math";
:vpi_module "va_math";
S_0x8ee800 .scope module, "tb" "tb" 2 1;
 .timescale 0 0;
v0x902b60_0 .var "i", 0 0;
v0x902c00_0 .var "sel", 1 0;
v0x902cb0_0 .net "y0", 0 0, v0x902890_0; 1 drivers
v0x902d60_0 .net "y1", 0 0, v0x902930_0; 1 drivers
v0x902e40_0 .net "y2", 0 0, v0x9029e0_0; 1 drivers
v0x902ef0_0 .net "y3", 0 0, v0x902a80_0; 1 drivers
S_0x8ee8f0 .scope module, "demux" "demux_1_4" 2 6, 3 1, S_0x8ee800;
 .timescale 0 0;
v0x8eccf0_0 .net "i", 0 0, v0x902b60_0; 1 drivers
v0x9027f0_0 .net "sel", 1 0, v0x902c00_0; 1 drivers
v0x902890_0 .var "y0", 0 0;
v0x902930_0 .var "y1", 0 0;
v0x9029e0_0 .var "y2", 0 0;
v0x902a80_0 .var "y3", 0 0;
E_0x8ca730 .event edge, v0x9027f0_0, v0x8eccf0_0;
    .scope S_0x8ee8f0;
T_0 ;
    %wait E_0x8ca730;
    %load/v 8, v0x9027f0_0, 2;
    %cmpi/u 8, 0, 2;
    %jmp/1 T_0.0, 6;
    %cmpi/u 8, 1, 2;
    %jmp/1 T_0.1, 6;
    %cmpi/u 8, 2, 2;
    %jmp/1 T_0.2, 6;
    %cmpi/u 8, 3, 2;
    %jmp/1 T_0.3, 6;
    %vpi_call 3 12 "$display", "Invalid sel input";
    %jmp T_0.5;
T_0.0 ;
    %mov 8, 0, 3;
    %load/v 11, v0x8eccf0_0, 1;
    %set/v v0x902a80_0, 8, 1;
    %set/v v0x9029e0_0, 9, 1;
    %set/v v0x902930_0, 10, 1;
    %set/v v0x902890_0, 11, 1;
    %jmp T_0.5;
T_0.1 ;
    %mov 8, 0, 2;
    %load/v 10, v0x8eccf0_0, 1;
    %mov 11, 0, 1;
    %set/v v0x902a80_0, 8, 1;
    %set/v v0x9029e0_0, 9, 1;
    %set/v v0x902930_0, 10, 1;
    %set/v v0x902890_0, 11, 1;
    %jmp T_0.5;
T_0.2 ;
    %mov 8, 0, 1;
    %load/v 9, v0x8eccf0_0, 1;
    %mov 10, 0, 2;
    %set/v v0x902a80_0, 8, 1;
    %set/v v0x9029e0_0, 9, 1;
    %set/v v0x902930_0, 10, 1;
    %set/v v0x902890_0, 11, 1;
    %jmp T_0.5;
T_0.3 ;
    %load/v 8, v0x8eccf0_0, 1;
    %mov 9, 0, 3;
    %set/v v0x902a80_0, 8, 1;
    %set/v v0x9029e0_0, 9, 1;
    %set/v v0x902930_0, 10, 1;
    %set/v v0x902890_0, 11, 1;
    %jmp T_0.5;
T_0.5 ;
    %jmp T_0;
    .thread T_0, $push;
    .scope S_0x8ee800;
T_1 ;
    %vpi_call 2 9 "$monitor", "sel = %b, i = %b -> y0 = %0b, y1 = %0b ,y2 = %0b, y3 = %0b", v0x902c00_0, v0x902b60_0, v0x902cb0_0, v0x902d60_0, v0x902e40_0, v0x902ef0_0;
    %vpi_call 2 10 "$dumpfile", "dump.vcd";
    %vpi_call 2 11 "$dumpvars", 2'sb01;
    %set/v v0x902c00_0, 0, 2;
    %set/v v0x902b60_0, 0, 1;
    %delay 1, 0;
    %set/v v0x902c00_0, 0, 2;
    %set/v v0x902b60_0, 1, 1;
    %delay 1, 0;
    %movi 8, 1, 2;
    %set/v v0x902c00_0, 8, 2;
    %set/v v0x902b60_0, 0, 1;
    %delay 1, 0;
    %movi 8, 1, 2;
    %set/v v0x902c00_0, 8, 2;
    %set/v v0x902b60_0, 1, 1;
    %delay 1, 0;
    %movi 8, 2, 2;
    %set/v v0x902c00_0, 8, 2;
    %set/v v0x902b60_0, 0, 1;
    %delay 1, 0;
    %movi 8, 2, 2;
    %set/v v0x902c00_0, 8, 2;
    %set/v v0x902b60_0, 1, 1;
    %delay 1, 0;
    %set/v v0x902c00_0, 1, 2;
    %set/v v0x902b60_0, 0, 1;
    %delay 1, 0;
    %set/v v0x902c00_0, 1, 2;
    %set/v v0x902b60_0, 1, 1;
    %delay 1, 0;
    %end;
    .thread T_1;
# The file index is used to find the file name in the following table.
:file_names 4;
    "N/A";
    "<interactive>";
    "testbench.sv";
    "design.sv";
