#! /usr/share/iverilog-0.9.7/bin/vvp
:ivl_version "0.9.7 " "(v0_9_6)";
:vpi_time_precision + 0;
:vpi_module "system";
:vpi_module "v2005_math";
:vpi_module "va_math";
S_0x1afb400 .scope module, "tb_four_bit_comparator" "tb_four_bit_comparator" 2 1;
 .timescale 0 0;
v0x1b0ca30_0 .var "A", 3 0;
v0x1b0cb00_0 .var "B", 3 0;
v0x1b0cbb0_0 .net "EQ", 0 0, v0x1b0c840_0; 1 drivers
v0x1b0cc60_0 .net "GT", 0 0, v0x1b0c8e0_0; 1 drivers
v0x1b0cd40_0 .net "LT", 0 0, v0x1b0c990_0; 1 drivers
S_0x1afb4f0 .scope module, "uut" "four_bit_comparator" 2 7, 3 1, S_0x1afb400;
 .timescale 0 0;
v0x1ad85a0_0 .net "A", 3 0, v0x1b0ca30_0; 1 drivers
v0x1b0c7a0_0 .net "B", 3 0, v0x1b0cb00_0; 1 drivers
v0x1b0c840_0 .var "EQ", 0 0;
v0x1b0c8e0_0 .var "GT", 0 0;
v0x1b0c990_0 .var "LT", 0 0;
E_0x1ad7160 .event edge, v0x1ad85a0_0, v0x1b0c7a0_0;
    .scope S_0x1afb4f0;
T_0 ;
    %wait E_0x1ad7160;
    %load/v 8, v0x1ad85a0_0, 4;
    %load/v 12, v0x1b0c7a0_0, 4;
    %cmp/u 8, 12, 4;
    %jmp/0xz  T_0.0, 4;
    %set/v v0x1b0c840_0, 1, 1;
    %set/v v0x1b0c8e0_0, 0, 1;
    %set/v v0x1b0c990_0, 0, 1;
    %jmp T_0.1;
T_0.0 ;
    %load/v 8, v0x1b0c7a0_0, 4;
    %load/v 12, v0x1ad85a0_0, 4;
    %cmp/u 8, 12, 4;
    %jmp/0xz  T_0.2, 5;
    %set/v v0x1b0c840_0, 0, 1;
    %set/v v0x1b0c8e0_0, 1, 1;
    %set/v v0x1b0c990_0, 0, 1;
    %jmp T_0.3;
T_0.2 ;
    %set/v v0x1b0c840_0, 0, 1;
    %set/v v0x1b0c8e0_0, 0, 1;
    %set/v v0x1b0c990_0, 1, 1;
T_0.3 ;
T_0.1 ;
    %jmp T_0;
    .thread T_0, $push;
    .scope S_0x1afb400;
T_1 ;
    %vpi_call 2 17 "$dumpfile", "waveform.vcd";
    %vpi_call 2 18 "$dumpvars", 1'sb0, S_0x1afb400;
    %set/v v0x1b0ca30_0, 0, 4;
    %set/v v0x1b0cb00_0, 0, 4;
    %delay 5, 0;
    %movi 8, 5, 4;
    %set/v v0x1b0ca30_0, 8, 4;
    %movi 8, 5, 4;
    %set/v v0x1b0cb00_0, 8, 4;
    %delay 5, 0;
    %movi 8, 5, 4;
    %set/v v0x1b0ca30_0, 8, 4;
    %movi 8, 2, 4;
    %set/v v0x1b0cb00_0, 8, 4;
    %delay 5, 0;
    %movi 8, 2, 4;
    %set/v v0x1b0ca30_0, 8, 4;
    %movi 8, 5, 4;
    %set/v v0x1b0cb00_0, 8, 4;
    %vpi_call 2 30 "$finish";
    %end;
    .thread T_1;
# The file index is used to find the file name in the following table.
:file_names 4;
    "N/A";
    "<interactive>";
    "testbench.sv";
    "design.sv";
