#! /usr/share/iverilog-0.9.7/bin/vvp
:ivl_version "0.9.7 " "(v0_9_6)";
:vpi_time_precision + 0;
:vpi_module "system";
:vpi_module "v2005_math";
:vpi_module "va_math";
S_0x10ce610 .scope module, "testbench" "testbench" 2 1;
 .timescale 0 0;
v0x10e2010_0 .var "A", 0 0;
v0x10e20e0_0 .var "B", 0 0;
v0x10e2190_0 .var "Cin", 0 0;
v0x10e2240_0 .net "Cout", 0 0, v0x10e1ec0_0; 1 drivers
v0x10e2320_0 .net "SUM", 0 0, v0x10e1f70_0; 1 drivers
S_0x10ce700 .scope module, "uut" "full_adder" 2 9, 3 2, S_0x10ce610;
 .timescale 0 0;
v0x10aca80_0 .net "A", 0 0, v0x10e2010_0; 1 drivers
v0x10e1d80_0 .net "B", 0 0, v0x10e20e0_0; 1 drivers
v0x10e1e20_0 .net "Cin", 0 0, v0x10e2190_0; 1 drivers
v0x10e1ec0_0 .var "Cout", 0 0;
v0x10e1f70_0 .var "SUM", 0 0;
E_0x10aa9e0 .event edge, v0x10aca80_0, v0x10e1d80_0, v0x10e1e20_0;
    .scope S_0x10ce700;
T_0 ;
    %wait E_0x10aa9e0;
    %load/v 8, v0x10aca80_0, 1;
    %load/v 9, v0x10e1d80_0, 1;
    %xor 8, 9, 1;
    %load/v 9, v0x10e1e20_0, 1;
    %xor 8, 9, 1;
    %set/v v0x10e1f70_0, 8, 1;
    %load/v 8, v0x10aca80_0, 1;
    %load/v 9, v0x10e1d80_0, 1;
    %and 8, 9, 1;
    %load/v 9, v0x10e1d80_0, 1;
    %load/v 10, v0x10e1e20_0, 1;
    %and 9, 10, 1;
    %or 8, 9, 1;
    %load/v 9, v0x10aca80_0, 1;
    %load/v 10, v0x10e1e20_0, 1;
    %and 9, 10, 1;
    %or 8, 9, 1;
    %set/v v0x10e1ec0_0, 8, 1;
    %jmp T_0;
    .thread T_0, $push;
    .scope S_0x10ce610;
T_1 ;
    %vpi_call 2 19 "$dumpfile", "waveform.vcd";
    %vpi_call 2 20 "$dumpvars", 1'sb0, S_0x10ce610;
    %set/v v0x10e2010_0, 0, 1;
    %set/v v0x10e20e0_0, 0, 1;
    %set/v v0x10e2190_0, 0, 1;
    %delay 5, 0;
    %set/v v0x10e2010_0, 0, 1;
    %set/v v0x10e20e0_0, 1, 1;
    %set/v v0x10e2190_0, 0, 1;
    %delay 5, 0;
    %set/v v0x10e2010_0, 1, 1;
    %set/v v0x10e20e0_0, 0, 1;
    %set/v v0x10e2190_0, 0, 1;
    %delay 5, 0;
    %set/v v0x10e2010_0, 1, 1;
    %set/v v0x10e20e0_0, 1, 1;
    %set/v v0x10e2190_0, 0, 1;
    %delay 5, 0;
    %set/v v0x10e2010_0, 0, 1;
    %set/v v0x10e20e0_0, 0, 1;
    %set/v v0x10e2190_0, 1, 1;
    %delay 5, 0;
    %set/v v0x10e2010_0, 0, 1;
    %set/v v0x10e20e0_0, 1, 1;
    %set/v v0x10e2190_0, 1, 1;
    %delay 5, 0;
    %set/v v0x10e2010_0, 1, 1;
    %set/v v0x10e20e0_0, 0, 1;
    %set/v v0x10e2190_0, 1, 1;
    %delay 5, 0;
    %set/v v0x10e2010_0, 1, 1;
    %set/v v0x10e20e0_0, 1, 1;
    %set/v v0x10e2190_0, 1, 1;
    %vpi_call 2 37 "$finish";
    %end;
    .thread T_1;
# The file index is used to find the file name in the following table.
:file_names 4;
    "N/A";
    "<interactive>";
    "testbench.sv";
    "design.sv";
