#! /usr/share/iverilog-0.9.7/bin/vvp
:ivl_version "0.9.7 " "(v0_9_6)";
:vpi_time_precision + 0;
:vpi_module "system";
:vpi_module "v2005_math";
:vpi_module "va_math";
S_0x16eaf00 .scope module, "testbench" "testbench" 2 1;
 .timescale 0 0;
v0x16fb7b0_0 .var "D", 0 0;
v0x16fb880_0 .net "Q", 0 0, v0x16fb660_0; 1 drivers
v0x16fb930_0 .var "clk", 0 0;
S_0x16eaff0 .scope module, "uut" "d_flip_flop" 2 7, 3 1, S_0x16eaf00;
 .timescale 0 0;
v0x16eb0e0_0 .net "D", 0 0, v0x16fb7b0_0; 1 drivers
v0x16fb5c0_0 .alias "Q", 0 0, v0x16fb880_0;
v0x16fb660_0 .var "Q_next", 0 0;
v0x16fb700_0 .net "clk", 0 0, v0x16fb930_0; 1 drivers
E_0x16c7690 .event posedge, v0x16fb700_0;
    .scope S_0x16eaff0;
T_0 ;
    %wait E_0x16c7690;
    %load/v 8, v0x16eb0e0_0, 1;
    %ix/load 0, 1, 0;
    %assign/v0 v0x16fb660_0, 0, 8;
    %jmp T_0;
    .thread T_0;
    .scope S_0x16eaf00;
T_1 ;
    %vpi_call 2 15 "$dumpfile", "waveform.vcd";
    %vpi_call 2 16 "$dumpvars", 1'sb0, S_0x16eaf00;
    %set/v v0x16fb7b0_0, 0, 1;
    %set/v v0x16fb930_0, 0, 1;
    %delay 5, 0;
    %set/v v0x16fb7b0_0, 1, 1;
    %delay 5, 0;
    %set/v v0x16fb930_0, 1, 1;
    %delay 5, 0;
    %set/v v0x16fb930_0, 0, 1;
    %delay 5, 0;
    %set/v v0x16fb7b0_0, 0, 1;
    %delay 5, 0;
    %set/v v0x16fb930_0, 1, 1;
    %delay 5, 0;
    %set/v v0x16fb930_0, 0, 1;
    %vpi_call 2 31 "$finish";
    %end;
    .thread T_1;
# The file index is used to find the file name in the following table.
:file_names 4;
    "N/A";
    "<interactive>";
    "testbench.sv";
    "design.sv";
