#! /usr/share/iverilog-0.9.7/bin/vvp
:ivl_version "0.9.7 " "(v0_9_6)";
:vpi_time_precision + 0;
:vpi_module "system";
:vpi_module "v2005_math";
:vpi_module "va_math";
S_0xa506a0 .scope module, "testbench" "testbench" 2 1;
 .timescale 0 0;
v0xa621e0_0 .var "clk", 0 0;
v0xa622b0_0 .net "count", 3 0, v0xa620a0_0; 1 drivers
v0xa62360_0 .var "reset", 0 0;
S_0xa50790 .scope module, "uut" "ring_counter" 2 7, 3 1, S_0xa506a0;
 .timescale 0 0;
v0xa2e180_0 .net "clk", 0 0, v0xa621e0_0; 1 drivers
v0xa620a0_0 .var "count", 3 0;
v0xa62140_0 .net "reset", 0 0, v0xa62360_0; 1 drivers
E_0xa2c6b0 .event posedge, v0xa62140_0, v0xa2e180_0;
    .scope S_0xa50790;
T_0 ;
    %wait E_0xa2c6b0;
    %load/v 8, v0xa62140_0, 1;
    %jmp/0xz  T_0.0, 8;
    %movi 8, 1, 4;
    %ix/load 0, 4, 0;
    %assign/v0 v0xa620a0_0, 0, 8;
    %jmp T_0.1;
T_0.0 ;
    %ix/load 1, 3, 0;
    %mov 4, 0, 1;
    %jmp/1 T_0.2, 4;
    %load/x1p 12, v0xa620a0_0, 1;
    %jmp T_0.3;
T_0.2 ;
    %mov 12, 2, 1;
T_0.3 ;
    %mov 8, 12, 1; Move signal select into place
    %load/v 9, v0xa620a0_0, 3; Select 3 out of 4 bits
    %ix/load 0, 4, 0;
    %assign/v0 v0xa620a0_0, 0, 8;
T_0.1 ;
    %jmp T_0;
    .thread T_0;
    .scope S_0xa506a0;
T_1 ;
    %vpi_call 2 15 "$dumpfile", "waveform.vcd";
    %vpi_call 2 16 "$dumpvars", 1'sb0, S_0xa506a0;
    %set/v v0xa621e0_0, 0, 1;
    %set/v v0xa62360_0, 0, 1;
    %delay 5, 0;
    %set/v v0xa62360_0, 1, 1;
    %delay 5, 0;
    %set/v v0xa62360_0, 0, 1;
    %delay 10, 0;
    %set/v v0xa621e0_0, 1, 1;
    %delay 5, 0;
    %set/v v0xa621e0_0, 0, 1;
    %delay 10, 0;
    %set/v v0xa621e0_0, 1, 1;
    %delay 5, 0;
    %set/v v0xa621e0_0, 0, 1;
    %delay 10, 0;
    %set/v v0xa621e0_0, 1, 1;
    %delay 5, 0;
    %set/v v0xa621e0_0, 0, 1;
    %delay 10, 0;
    %set/v v0xa621e0_0, 1, 1;
    %delay 5, 0;
    %set/v v0xa621e0_0, 0, 1;
    %vpi_call 2 31 "$finish";
    %end;
    .thread T_1;
# The file index is used to find the file name in the following table.
:file_names 4;
    "N/A";
    "<interactive>";
    "testbench.sv";
    "design.sv";
