#! /usr/share/iverilog-0.9.7/bin/vvp
:ivl_version "0.9.7 " "(v0_9_6)";
:vpi_time_precision + 0;
:vpi_module "system";
:vpi_module "v2005_math";
:vpi_module "va_math";
S_0x18fc9c0 .scope module, "testbench" "testbench" 2 1;
 .timescale 0 0;
v0x190d7c0_0 .net "binary_output", 3 0, v0x18da210_0; 1 drivers
v0x190d890_0 .var "clk", 0 0;
v0x190d910_0 .var "gray_input", 3 0;
v0x190d9c0_0 .var "rst", 0 0;
S_0x18fcab0 .scope module, "uut" "gray_to_binary_converter" 2 8, 3 1, S_0x18fc9c0;
 .timescale 0 0;
v0x18da210_0 .var "binary_output", 3 0;
v0x190d720_0 .net "gray_input", 3 0, v0x190d910_0; 1 drivers
E_0x18d9070 .event edge, v0x190d720_0, v0x18da210_0;
    .scope S_0x18fcab0;
T_0 ;
    %wait E_0x18d9070;
    %ix/load 1, 3, 0;
    %mov 4, 0, 1;
    %jmp/1 T_0.0, 4;
    %load/x1p 8, v0x190d720_0, 1;
    %jmp T_0.1;
T_0.0 ;
    %mov 8, 2, 1;
T_0.1 ;
; Save base=8 wid=1 in lookaside.
    %ix/load 0, 3, 0;
    %set/x0 v0x18da210_0, 8, 1;
    %ix/load 1, 3, 0;
    %mov 4, 0, 1;
    %jmp/1 T_0.2, 4;
    %load/x1p 8, v0x18da210_0, 1;
    %jmp T_0.3;
T_0.2 ;
    %mov 8, 2, 1;
T_0.3 ;
; Save base=8 wid=1 in lookaside.
    %ix/load 1, 2, 0;
    %mov 4, 0, 1;
    %jmp/1 T_0.4, 4;
    %load/x1p 9, v0x190d720_0, 1;
    %jmp T_0.5;
T_0.4 ;
    %mov 9, 2, 1;
T_0.5 ;
; Save base=9 wid=1 in lookaside.
    %xor 8, 9, 1;
    %ix/load 0, 2, 0;
    %set/x0 v0x18da210_0, 8, 1;
    %ix/load 1, 2, 0;
    %mov 4, 0, 1;
    %jmp/1 T_0.6, 4;
    %load/x1p 8, v0x18da210_0, 1;
    %jmp T_0.7;
T_0.6 ;
    %mov 8, 2, 1;
T_0.7 ;
; Save base=8 wid=1 in lookaside.
    %ix/load 1, 1, 0;
    %mov 4, 0, 1;
    %jmp/1 T_0.8, 4;
    %load/x1p 9, v0x190d720_0, 1;
    %jmp T_0.9;
T_0.8 ;
    %mov 9, 2, 1;
T_0.9 ;
; Save base=9 wid=1 in lookaside.
    %xor 8, 9, 1;
    %ix/load 0, 1, 0;
    %set/x0 v0x18da210_0, 8, 1;
    %ix/load 1, 1, 0;
    %mov 4, 0, 1;
    %jmp/1 T_0.10, 4;
    %load/x1p 8, v0x18da210_0, 1;
    %jmp T_0.11;
T_0.10 ;
    %mov 8, 2, 1;
T_0.11 ;
; Save base=8 wid=1 in lookaside.
    %load/v 9, v0x190d720_0, 1; Only need 1 of 4 bits
; Save base=9 wid=1 in lookaside.
    %xor 8, 9, 1;
    %ix/load 0, 0, 0;
    %set/x0 v0x18da210_0, 8, 1;
    %jmp T_0;
    .thread T_0, $push;
    .scope S_0x18fc9c0;
T_1 ;
    %vpi_call 2 15 "$dumpfile", "waveform.vcd";
    %vpi_call 2 16 "$dumpvars", 1'sb0, S_0x18fc9c0;
    %set/v v0x190d910_0, 0, 4;
    %set/v v0x190d890_0, 0, 1;
    %set/v v0x190d9c0_0, 0, 1;
    %delay 5, 0;
    %movi 8, 1, 4;
    %set/v v0x190d910_0, 8, 4;
    %delay 5, 0;
    %movi 8, 3, 4;
    %set/v v0x190d910_0, 8, 4;
    %delay 5, 0;
    %movi 8, 7, 4;
    %set/v v0x190d910_0, 8, 4;
    %delay 5, 0;
    %movi 8, 5, 4;
    %set/v v0x190d910_0, 8, 4;
    %vpi_call 2 30 "$finish";
    %end;
    .thread T_1;
# The file index is used to find the file name in the following table.
:file_names 4;
    "N/A";
    "<interactive>";
    "testbench.sv";
    "design.sv";
