#! /usr/share/iverilog-0.9.7/bin/vvp
:ivl_version "0.9.7 " "(v0_9_6)";
:vpi_time_precision + 0;
:vpi_module "system";
:vpi_module "v2005_math";
:vpi_module "va_math";
S_0xae5aa0 .scope module, "tb_dual_port_ram" "tb_dual_port_ram" 2 1;
 .timescale 0 0;
v0xafa000_0 .var "address_a", 3 0;
v0xafa0a0_0 .var "address_b", 3 0;
v0xafa150_0 .var "data_in_a", 7 0;
v0xafa200_0 .var "data_in_b", 7 0;
v0xafa2e0_0 .net "data_out_a", 7 0, v0xaf99e0_0; 1 drivers
v0xafa390_0 .net "data_out_b", 7 0, v0xaf9a80_0; 1 drivers
v0xafa410_0 .var "write_enable_a", 0 0;
v0xafa4c0_0 .var "write_enable_b", 0 0;
S_0xae5b90 .scope module, "uut" "dual_port_ram" 2 12, 3 1, S_0xae5aa0;
 .timescale 0 0;
v0xac1920_0 .net "address_a", 3 0, v0xafa000_0; 1 drivers
v0xaf97f0_0 .net "address_b", 3 0, v0xafa0a0_0; 1 drivers
v0xaf9890_0 .net "data_in_a", 7 0, v0xafa150_0; 1 drivers
v0xaf9930_0 .net "data_in_b", 7 0, v0xafa200_0; 1 drivers
v0xaf99e0_0 .var "data_out_a", 7 0;
v0xaf9a80_0 .var "data_out_b", 7 0;
v0xaf9b60 .array "memory", 15 0, 7 0;
v0xaf9e70_0 .net "write_enable_a", 0 0, v0xafa410_0; 1 drivers
v0xaf9f60_0 .net "write_enable_b", 0 0, v0xafa4c0_0; 1 drivers
v0xaf9b60_0 .array/port v0xaf9b60, 0;
v0xaf9b60_1 .array/port v0xaf9b60, 1;
v0xaf9b60_2 .array/port v0xaf9b60, 2;
E_0xac2f00/0 .event edge, v0xac1920_0, v0xaf9b60_0, v0xaf9b60_1, v0xaf9b60_2;
v0xaf9b60_3 .array/port v0xaf9b60, 3;
v0xaf9b60_4 .array/port v0xaf9b60, 4;
v0xaf9b60_5 .array/port v0xaf9b60, 5;
v0xaf9b60_6 .array/port v0xaf9b60, 6;
E_0xac2f00/1 .event edge, v0xaf9b60_3, v0xaf9b60_4, v0xaf9b60_5, v0xaf9b60_6;
v0xaf9b60_7 .array/port v0xaf9b60, 7;
v0xaf9b60_8 .array/port v0xaf9b60, 8;
v0xaf9b60_9 .array/port v0xaf9b60, 9;
v0xaf9b60_10 .array/port v0xaf9b60, 10;
E_0xac2f00/2 .event edge, v0xaf9b60_7, v0xaf9b60_8, v0xaf9b60_9, v0xaf9b60_10;
v0xaf9b60_11 .array/port v0xaf9b60, 11;
v0xaf9b60_12 .array/port v0xaf9b60, 12;
v0xaf9b60_13 .array/port v0xaf9b60, 13;
v0xaf9b60_14 .array/port v0xaf9b60, 14;
E_0xac2f00/3 .event edge, v0xaf9b60_11, v0xaf9b60_12, v0xaf9b60_13, v0xaf9b60_14;
v0xaf9b60_15 .array/port v0xaf9b60, 15;
E_0xac2f00/4 .event edge, v0xaf9b60_15, v0xaf97f0_0;
E_0xac2f00 .event/or E_0xac2f00/0, E_0xac2f00/1, E_0xac2f00/2, E_0xac2f00/3, E_0xac2f00/4;
E_0xac1dd0 .event posedge, v0xaf9f60_0;
E_0xad3ce0 .event posedge, v0xaf9e70_0;
    .scope S_0xae5b90;
T_0 ;
    %wait E_0xad3ce0;
    %load/v 8, v0xaf9890_0, 8;
    %ix/getv 3, v0xac1920_0;
    %jmp/1 t_0, 4;
    %ix/load 0, 8, 0; word width
    %ix/load 1, 0, 0; part off
    %assign/av v0xaf9b60, 0, 8;
t_0 ;
    %jmp T_0;
    .thread T_0;
    .scope S_0xae5b90;
T_1 ;
    %wait E_0xac1dd0;
    %load/v 8, v0xaf9930_0, 8;
    %ix/getv 3, v0xaf97f0_0;
    %jmp/1 t_1, 4;
    %ix/load 0, 8, 0; word width
    %ix/load 1, 0, 0; part off
    %assign/av v0xaf9b60, 0, 8;
t_1 ;
    %jmp T_1;
    .thread T_1;
    .scope S_0xae5b90;
T_2 ;
    %wait E_0xac2f00;
    %ix/getv 3, v0xac1920_0;
    %load/av 8, v0xaf9b60, 8;
    %set/v v0xaf99e0_0, 8, 8;
    %ix/getv 3, v0xaf97f0_0;
    %load/av 8, v0xaf9b60, 8;
    %set/v v0xaf9a80_0, 8, 8;
    %jmp T_2;
    .thread T_2, $push;
    .scope S_0xae5aa0;
T_3 ;
    %vpi_call 2 25 "$dumpfile", "waveform.vcd";
    %vpi_call 2 26 "$dumpvars", 1'sb0, S_0xae5aa0;
    %set/v v0xafa000_0, 0, 4;
    %movi 8, 1, 4;
    %set/v v0xafa0a0_0, 8, 4;
    %set/v v0xafa150_0, 0, 8;
    %set/v v0xafa200_0, 1, 8;
    %set/v v0xafa410_0, 0, 1;
    %set/v v0xafa4c0_0, 0, 1;
    %delay 5, 0;
    %set/v v0xafa410_0, 1, 1;
    %movi 8, 170, 8;
    %set/v v0xafa150_0, 8, 8;
    %movi 8, 2, 4;
    %set/v v0xafa000_0, 8, 4;
    %delay 5, 0;
    %set/v v0xafa4c0_0, 1, 1;
    %movi 8, 85, 8;
    %set/v v0xafa200_0, 8, 8;
    %movi 8, 3, 4;
    %set/v v0xafa0a0_0, 8, 4;
    %delay 5, 0;
    %set/v v0xafa410_0, 0, 1;
    %movi 8, 2, 4;
    %set/v v0xafa000_0, 8, 4;
    %delay 5, 0;
    %set/v v0xafa4c0_0, 0, 1;
    %movi 8, 3, 4;
    %set/v v0xafa0a0_0, 8, 4;
    %vpi_call 2 43 "$finish";
    %end;
    .thread T_3;
# The file index is used to find the file name in the following table.
:file_names 4;
    "N/A";
    "<interactive>";
    "testbench.sv";
    "design.sv";
