#! /usr/share/iverilog-0.9.7/bin/vvp
:ivl_version "0.9.7 " "(v0_9_6)";
:vpi_time_precision + 0;
:vpi_module "system";
:vpi_module "v2005_math";
:vpi_module "va_math";
S_0xa55ea0 .scope module, "testbench" "testbench" 2 1;
 .timescale 0 0;
v0xa67f80_0 .var "D", 0 0;
v0xa68050_0 .var "S", 2 0;
v0xa68100_0 .net "Y", 7 0, v0xa67ee0_0; 1 drivers
S_0xa55f90 .scope module, "uut" "demux_1to8" 2 7, 3 1, S_0xa55ea0;
 .timescale 0 0;
v0xa32ab0_0 .net "D", 0 0, v0xa67f80_0; 1 drivers
v0xa67e40_0 .net "S", 2 0, v0xa68050_0; 1 drivers
v0xa67ee0_0 .var "Y", 7 0;
E_0xa31ae0 .event edge, v0xa67e40_0, v0xa32ab0_0;
    .scope S_0xa55f90;
T_0 ;
    %wait E_0xa31ae0;
    %load/v 8, v0xa67e40_0, 3;
    %cmpi/u 8, 0, 3;
    %jmp/1 T_0.0, 6;
    %cmpi/u 8, 1, 3;
    %jmp/1 T_0.1, 6;
    %cmpi/u 8, 2, 3;
    %jmp/1 T_0.2, 6;
    %cmpi/u 8, 3, 3;
    %jmp/1 T_0.3, 6;
    %cmpi/u 8, 4, 3;
    %jmp/1 T_0.4, 6;
    %cmpi/u 8, 5, 3;
    %jmp/1 T_0.5, 6;
    %cmpi/u 8, 6, 3;
    %jmp/1 T_0.6, 6;
    %cmpi/u 8, 7, 3;
    %jmp/1 T_0.7, 6;
    %set/v v0xa67ee0_0, 0, 8;
    %jmp T_0.9;
T_0.0 ;
    %mov 16, 0, 5;
    %load/v 21, v0xa32ab0_0, 1;
    %mov 22, 0, 1;
    %mov 8, 16, 7;
    %mov 15, 0, 1;
    %set/v v0xa67ee0_0, 8, 8;
    %jmp T_0.9;
T_0.1 ;
    %mov 16, 0, 1;
    %load/v 17, v0xa32ab0_0, 1;
    %mov 18, 0, 4;
    %mov 22, 0, 1;
    %mov 8, 16, 7;
    %mov 15, 0, 1;
    %set/v v0xa67ee0_0, 8, 8;
    %jmp T_0.9;
T_0.2 ;
    %mov 16, 0, 2;
    %load/v 18, v0xa32ab0_0, 1;
    %mov 19, 0, 3;
    %mov 22, 0, 1;
    %mov 8, 16, 7;
    %mov 15, 0, 1;
    %set/v v0xa67ee0_0, 8, 8;
    %jmp T_0.9;
T_0.3 ;
    %mov 16, 0, 3;
    %load/v 19, v0xa32ab0_0, 1;
    %mov 20, 0, 2;
    %mov 22, 0, 1;
    %mov 8, 16, 7;
    %mov 15, 0, 1;
    %set/v v0xa67ee0_0, 8, 8;
    %jmp T_0.9;
T_0.4 ;
    %mov 16, 0, 4;
    %load/v 20, v0xa32ab0_0, 1;
    %mov 21, 0, 1;
    %mov 22, 0, 1;
    %mov 8, 16, 7;
    %mov 15, 0, 1;
    %set/v v0xa67ee0_0, 8, 8;
    %jmp T_0.9;
T_0.5 ;
    %load/v 16, v0xa32ab0_0, 1;
    %mov 17, 0, 5;
    %mov 22, 0, 1;
    %mov 8, 16, 7;
    %mov 15, 0, 1;
    %set/v v0xa67ee0_0, 8, 8;
    %jmp T_0.9;
T_0.6 ;
    %load/v 16, v0xa32ab0_0, 1;
    %mov 17, 0, 1;
    %mov 18, 0, 4;
    %mov 22, 0, 1;
    %mov 8, 16, 7;
    %mov 15, 0, 1;
    %set/v v0xa67ee0_0, 8, 8;
    %jmp T_0.9;
T_0.7 ;
    %load/v 16, v0xa32ab0_0, 1;
    %mov 17, 0, 2;
    %mov 19, 0, 3;
    %mov 22, 0, 1;
    %mov 8, 16, 7;
    %mov 15, 0, 1;
    %set/v v0xa67ee0_0, 8, 8;
    %jmp T_0.9;
T_0.9 ;
    %jmp T_0;
    .thread T_0, $push;
    .scope S_0xa55ea0;
T_1 ;
    %vpi_call 2 15 "$dumpfile", "waveform.vcd";
    %vpi_call 2 16 "$dumpvars", 1'sb0, S_0xa55ea0;
    %set/v v0xa67f80_0, 0, 1;
    %set/v v0xa68050_0, 0, 3;
    %delay 5, 0;
    %set/v v0xa67f80_0, 1, 1;
    %movi 8, 1, 3;
    %set/v v0xa68050_0, 8, 3;
    %delay 5, 0;
    %set/v v0xa67f80_0, 0, 1;
    %movi 8, 2, 3;
    %set/v v0xa68050_0, 8, 3;
    %delay 5, 0;
    %set/v v0xa67f80_0, 1, 1;
    %movi 8, 4, 3;
    %set/v v0xa68050_0, 8, 3;
    %delay 5, 0;
    %set/v v0xa67f80_0, 0, 1;
    %set/v v0xa68050_0, 1, 3;
    %vpi_call 2 29 "$finish";
    %end;
    .thread T_1;
# The file index is used to find the file name in the following table.
:file_names 4;
    "N/A";
    "<interactive>";
    "testbench.sv";
    "design.sv";
