#! /usr/share/iverilog-0.9.7/bin/vvp
:ivl_version "0.9.7 " "(v0_9_6)";
:vpi_time_precision + 0;
:vpi_module "system";
:vpi_module "v2005_math";
:vpi_module "va_math";
S_0x8893f0 .scope module, "testbench" "testbench" 2 1;
 .timescale 0 0;
v0x89cc90_0 .var "clk", 0 0;
v0x89cd30_0 .var "in", 0 0;
v0x89cde0_0 .net "out", 0 0, v0x89ca60_0; 1 drivers
v0x89ce90_0 .var "reset", 0 0;
v0x89cf70_0 .net "state", 0 0, v0x89cbb0_0; 1 drivers
S_0x8894e0 .scope module, "uut" "mealy_state_machine" 2 9, 3 1, S_0x8893f0;
 .timescale 0 0;
v0x877400_0 .net "clk", 0 0, v0x89cc90_0; 1 drivers
v0x89c920_0 .net "in", 0 0, v0x89cd30_0; 1 drivers
v0x89c9c0_0 .var "next_state", 0 0;
v0x89ca60_0 .var "out", 0 0;
v0x89cb10_0 .net "reset", 0 0, v0x89ce90_0; 1 drivers
v0x89cbb0_0 .var "state", 0 0;
E_0x8641d0 .event edge, v0x89cbb0_0, v0x89c920_0;
E_0x865280 .event posedge, v0x89cb10_0, v0x877400_0;
    .scope S_0x8894e0;
T_0 ;
    %wait E_0x865280;
    %load/v 8, v0x89cb10_0, 1;
    %jmp/0xz  T_0.0, 8;
    %ix/load 0, 1, 0;
    %assign/v0 v0x89cbb0_0, 0, 0;
    %ix/load 0, 1, 0;
    %assign/v0 v0x89ca60_0, 0, 0;
    %jmp T_0.1;
T_0.0 ;
    %load/v 8, v0x89c9c0_0, 1;
    %ix/load 0, 1, 0;
    %assign/v0 v0x89cbb0_0, 0, 8;
    %load/v 8, v0x89cbb0_0, 1;
    %load/v 9, v0x89c920_0, 1;
    %and 8, 9, 1;
    %ix/load 0, 1, 0;
    %assign/v0 v0x89ca60_0, 0, 8;
T_0.1 ;
    %jmp T_0;
    .thread T_0;
    .scope S_0x8894e0;
T_1 ;
    %wait E_0x8641d0;
    %load/v 8, v0x89cbb0_0, 1;
    %cmpi/u 8, 0, 1;
    %jmp/1 T_1.0, 6;
    %cmpi/u 8, 1, 1;
    %jmp/1 T_1.1, 6;
    %set/v v0x89c9c0_0, 0, 1;
    %jmp T_1.3;
T_1.0 ;
    %load/v 8, v0x89c920_0, 1;
    %set/v v0x89c9c0_0, 8, 1;
    %jmp T_1.3;
T_1.1 ;
    %load/v 8, v0x89c920_0, 1;
    %inv 8, 1;
    %set/v v0x89c9c0_0, 8, 1;
    %jmp T_1.3;
T_1.3 ;
    %jmp T_1;
    .thread T_1, $push;
    .scope S_0x8893f0;
T_2 ;
    %vpi_call 2 19 "$dumpfile", "waveform.vcd";
    %vpi_call 2 20 "$dumpvars", 1'sb0, S_0x8893f0;
    %set/v v0x89cc90_0, 0, 1;
    %set/v v0x89ce90_0, 0, 1;
    %set/v v0x89cd30_0, 0, 1;
    %delay 5, 0;
    %set/v v0x89ce90_0, 1, 1;
    %delay 5, 0;
    %set/v v0x89ce90_0, 0, 1;
    %delay 10, 0;
    %set/v v0x89cc90_0, 1, 1;
    %delay 5, 0;
    %set/v v0x89cc90_0, 0, 1;
    %set/v v0x89cd30_0, 1, 1;
    %delay 10, 0;
    %set/v v0x89cc90_0, 1, 1;
    %delay 5, 0;
    %set/v v0x89cc90_0, 0, 1;
    %set/v v0x89cd30_0, 0, 1;
    %delay 10, 0;
    %set/v v0x89cc90_0, 1, 1;
    %delay 5, 0;
    %set/v v0x89cc90_0, 0, 1;
    %set/v v0x89cd30_0, 1, 1;
    %delay 10, 0;
    %set/v v0x89cc90_0, 1, 1;
    %delay 5, 0;
    %set/v v0x89cc90_0, 0, 1;
    %set/v v0x89cd30_0, 0, 1;
    %vpi_call 2 36 "$finish";
    %end;
    .thread T_2;
# The file index is used to find the file name in the following table.
:file_names 4;
    "N/A";
    "<interactive>";
    "testbench.sv";
    "design.sv";
