#! /usr/share/iverilog-0.9.7/bin/vvp
:ivl_version "0.9.7 " "(v0_9_6)";
:vpi_time_precision + 0;
:vpi_module "system";
:vpi_module "v2005_math";
:vpi_module "va_math";
S_0x1f47a30 .scope module, "testbench" "testbench" 2 1;
 .timescale 0 0;
v0x1f5c8d0_0 .var "clk", 0 0;
v0x1f5c9a0_0 .net "count", 3 0, v0x1f5c790_0; 1 drivers
v0x1f5ca50_0 .var "reset", 0 0;
S_0x1f47b20 .scope module, "uut" "decade_counter" 2 7, 3 1, S_0x1f47a30;
 .timescale 0 0;
v0x1f366e0_0 .net "clk", 0 0, v0x1f5c8d0_0; 1 drivers
v0x1f5c790_0 .var "count", 3 0;
v0x1f5c830_0 .net "reset", 0 0, v0x1f5ca50_0; 1 drivers
E_0x1f23850 .event posedge, v0x1f5c830_0, v0x1f366e0_0;
    .scope S_0x1f47b20;
T_0 ;
    %wait E_0x1f23850;
    %load/v 8, v0x1f5c830_0, 1;
    %jmp/0xz  T_0.0, 8;
    %ix/load 0, 4, 0;
    %assign/v0 v0x1f5c790_0, 0, 0;
    %jmp T_0.1;
T_0.0 ;
    %load/v 8, v0x1f5c790_0, 4;
    %cmpi/u 8, 9, 4;
    %jmp/0xz  T_0.2, 4;
    %ix/load 0, 4, 0;
    %assign/v0 v0x1f5c790_0, 0, 0;
    %jmp T_0.3;
T_0.2 ;
    %load/v 8, v0x1f5c790_0, 4;
    %mov 12, 0, 28;
    %addi 8, 1, 32;
    %ix/load 0, 4, 0;
    %assign/v0 v0x1f5c790_0, 0, 8;
T_0.3 ;
T_0.1 ;
    %jmp T_0;
    .thread T_0;
    .scope S_0x1f47a30;
T_1 ;
    %vpi_call 2 15 "$dumpfile", "waveform.vcd";
    %vpi_call 2 16 "$dumpvars", 1'sb0, S_0x1f47a30;
    %set/v v0x1f5c8d0_0, 0, 1;
    %set/v v0x1f5ca50_0, 0, 1;
    %delay 5, 0;
    %set/v v0x1f5ca50_0, 1, 1;
    %delay 5, 0;
    %set/v v0x1f5ca50_0, 0, 1;
    %delay 10, 0;
    %set/v v0x1f5c8d0_0, 1, 1;
    %delay 5, 0;
    %set/v v0x1f5c8d0_0, 0, 1;
    %delay 10, 0;
    %set/v v0x1f5c8d0_0, 1, 1;
    %delay 5, 0;
    %set/v v0x1f5c8d0_0, 0, 1;
    %delay 10, 0;
    %set/v v0x1f5c8d0_0, 1, 1;
    %delay 5, 0;
    %set/v v0x1f5c8d0_0, 0, 1;
    %delay 10, 0;
    %set/v v0x1f5c8d0_0, 1, 1;
    %delay 5, 0;
    %set/v v0x1f5c8d0_0, 0, 1;
    %delay 10, 0;
    %set/v v0x1f5c8d0_0, 1, 1;
    %delay 5, 0;
    %set/v v0x1f5c8d0_0, 0, 1;
    %delay 10, 0;
    %set/v v0x1f5c8d0_0, 1, 1;
    %delay 5, 0;
    %set/v v0x1f5c8d0_0, 0, 1;
    %delay 10, 0;
    %set/v v0x1f5c8d0_0, 1, 1;
    %delay 5, 0;
    %set/v v0x1f5c8d0_0, 0, 1;
    %delay 10, 0;
    %set/v v0x1f5c8d0_0, 1, 1;
    %delay 5, 0;
    %set/v v0x1f5c8d0_0, 0, 1;
    %delay 10, 0;
    %set/v v0x1f5c8d0_0, 1, 1;
    %delay 5, 0;
    %set/v v0x1f5c8d0_0, 0, 1;
    %delay 10, 0;
    %set/v v0x1f5c8d0_0, 1, 1;
    %delay 5, 0;
    %set/v v0x1f5c8d0_0, 0, 1;
    %vpi_call 2 37 "$finish";
    %end;
    .thread T_1;
# The file index is used to find the file name in the following table.
:file_names 4;
    "N/A";
    "<interactive>";
    "testbench.sv";
    "design.sv";
