#! /usr/share/iverilog-0.9.7/bin/vvp
:ivl_version "0.9.7 " "(v0_9_6)";
:vpi_time_precision + 0;
:vpi_module "system";
:vpi_module "v2005_math";
:vpi_module "va_math";
S_0x274a3a0 .scope module, "tb_bcd_to_7seg_decoder" "tb_bcd_to_7seg_decoder" 2 1;
 .timescale 0 0;
v0x27599c0_0 .var "bcd_input", 3 0;
v0x2759a90_0 .net "seven_segment_output", 6 0, v0x2759920_0; 1 drivers
S_0x274a490 .scope module, "uut" "bcd_to_7seg_decoder" 2 6, 3 1, S_0x274a3a0;
 .timescale 0 0;
v0x2726810_0 .net "bcd_input", 3 0, v0x27599c0_0; 1 drivers
v0x2759920_0 .var "seven_segment_output", 6 0;
E_0x2725e70 .event edge, v0x2726810_0;
    .scope S_0x274a490;
T_0 ;
    %wait E_0x2725e70;
    %load/v 8, v0x2726810_0, 4;
    %cmpi/u 8, 0, 4;
    %jmp/1 T_0.0, 6;
    %cmpi/u 8, 1, 4;
    %jmp/1 T_0.1, 6;
    %cmpi/u 8, 2, 4;
    %jmp/1 T_0.2, 6;
    %cmpi/u 8, 3, 4;
    %jmp/1 T_0.3, 6;
    %cmpi/u 8, 4, 4;
    %jmp/1 T_0.4, 6;
    %cmpi/u 8, 5, 4;
    %jmp/1 T_0.5, 6;
    %cmpi/u 8, 6, 4;
    %jmp/1 T_0.6, 6;
    %cmpi/u 8, 7, 4;
    %jmp/1 T_0.7, 6;
    %cmpi/u 8, 8, 4;
    %jmp/1 T_0.8, 6;
    %cmpi/u 8, 9, 4;
    %jmp/1 T_0.9, 6;
    %set/v v0x2759920_0, 2, 7;
    %jmp T_0.11;
T_0.0 ;
    %movi 8, 64, 7;
    %set/v v0x2759920_0, 8, 7;
    %jmp T_0.11;
T_0.1 ;
    %movi 8, 121, 7;
    %set/v v0x2759920_0, 8, 7;
    %jmp T_0.11;
T_0.2 ;
    %movi 8, 36, 7;
    %set/v v0x2759920_0, 8, 7;
    %jmp T_0.11;
T_0.3 ;
    %movi 8, 48, 7;
    %set/v v0x2759920_0, 8, 7;
    %jmp T_0.11;
T_0.4 ;
    %movi 8, 25, 7;
    %set/v v0x2759920_0, 8, 7;
    %jmp T_0.11;
T_0.5 ;
    %movi 8, 18, 7;
    %set/v v0x2759920_0, 8, 7;
    %jmp T_0.11;
T_0.6 ;
    %movi 8, 2, 7;
    %set/v v0x2759920_0, 8, 7;
    %jmp T_0.11;
T_0.7 ;
    %movi 8, 120, 7;
    %set/v v0x2759920_0, 8, 7;
    %jmp T_0.11;
T_0.8 ;
    %set/v v0x2759920_0, 0, 7;
    %jmp T_0.11;
T_0.9 ;
    %movi 8, 16, 7;
    %set/v v0x2759920_0, 8, 7;
    %jmp T_0.11;
T_0.11 ;
    %jmp T_0;
    .thread T_0, $push;
    .scope S_0x274a3a0;
T_1 ;
    %vpi_call 2 13 "$dumpfile", "waveform.vcd";
    %vpi_call 2 14 "$dumpvars", 1'sb0, S_0x274a3a0;
    %set/v v0x27599c0_0, 0, 4;
    %vpi_call 2 20 "$finish";
    %end;
    .thread T_1;
# The file index is used to find the file name in the following table.
:file_names 4;
    "N/A";
    "<interactive>";
    "testbench.sv";
    "design.sv";
