#! /usr/share/iverilog-0.9.7/bin/vvp
:ivl_version "0.9.7 " "(v0_9_6)";
:vpi_time_precision + 0;
:vpi_module "system";
:vpi_module "v2005_math";
:vpi_module "va_math";
S_0xc56a80 .scope module, "barrel_shifter_8bit_tb" "barrel_shifter_8bit_tb" 2 1;
 .timescale 0 0;
v0xc821c0_0 .var "ctrl", 2 0;
v0xc82290_0 .var "in", 7 0;
RS_0x7f88a66ef278/0/0 .resolv tri, L_0xc874e0, L_0xc87cf0, L_0xc881a0, L_0xc886b0;
RS_0x7f88a66ef278/0/4 .resolv tri, L_0xc88550, L_0xc89130, L_0xc89080, L_0xc894f0;
RS_0x7f88a66ef278 .resolv tri, RS_0x7f88a66ef278/0/0, RS_0x7f88a66ef278/0/4, C4<zzzzzzzz>, C4<zzzzzzzz>;
v0xc82340_0 .net8 "out", 7 0, RS_0x7f88a66ef278; 8 drivers
S_0xc418c0 .scope module, "uut" "barrel_shifter_8bit" 2 6, 3 1, S_0xc56a80;
 .timescale 0 0;
v0xc81e70_0 .net "ctrl", 2 0, v0xc821c0_0; 1 drivers
v0xc81f30_0 .net "in", 7 0, v0xc82290_0; 1 drivers
v0xc81fd0_0 .alias "out", 7 0, v0xc82340_0;
RS_0x7f88a66ef2a8/0/0 .resolv tri, L_0xc82860, L_0xc82c60, L_0xc831c0, L_0xc83590;
RS_0x7f88a66ef2a8/0/4 .resolv tri, L_0xc83b20, L_0xc84120, L_0xc846c0, L_0xc84b40;
RS_0x7f88a66ef2a8 .resolv tri, RS_0x7f88a66ef2a8/0/0, RS_0x7f88a66ef2a8/0/4, C4<zzzzzzzz>, C4<zzzzzzzz>;
v0xc82070_0 .net8 "x", 7 0, RS_0x7f88a66ef2a8; 8 drivers
RS_0x7f88a66ef2d8/0/0 .resolv tri, L_0xc84cf0, L_0xc85400, L_0xc85920, L_0xc85e30;
RS_0x7f88a66ef2d8/0/4 .resolv tri, L_0xc85f60, L_0xc86900, L_0xc86a90, L_0xc870e0;
RS_0x7f88a66ef2d8 .resolv tri, RS_0x7f88a66ef2d8/0/0, RS_0x7f88a66ef2d8/0/4, C4<zzzzzzzz>, C4<zzzzzzzz>;
v0xc82120_0 .net8 "y", 7 0, RS_0x7f88a66ef2d8; 8 drivers
L_0xc82550 .part v0xc82290_0, 7, 1;
L_0xc82720 .part v0xc821c0_0, 2, 1;
L_0xc82860 .part/pv L_0xc823f0, 7, 1, 8;
L_0xc829f0 .part v0xc82290_0, 6, 1;
L_0xc82b70 .part v0xc821c0_0, 2, 1;
L_0xc82c60 .part/pv L_0xc82950, 6, 1, 8;
L_0xc82e80 .part v0xc82290_0, 5, 1;
L_0xc83040 .part v0xc821c0_0, 2, 1;
L_0xc831c0 .part/pv L_0xc82de0, 5, 1, 8;
L_0xc83350 .part v0xc82290_0, 4, 1;
L_0xc834a0 .part v0xc821c0_0, 2, 1;
L_0xc83590 .part/pv L_0xc832b0, 4, 1, 8;
L_0xc837d0 .part v0xc82290_0, 3, 1;
L_0xc838c0 .part v0xc82290_0, 7, 1;
L_0xc83a30 .part v0xc821c0_0, 2, 1;
L_0xc83b20 .part/pv L_0xc83730, 3, 1, 8;
L_0xc83d40 .part v0xc82290_0, 2, 1;
L_0xc83f40 .part v0xc82290_0, 6, 1;
L_0xc84080 .part v0xc821c0_0, 2, 1;
L_0xc84120 .part/pv L_0xc83ca0, 2, 1, 8;
L_0xc842c0 .part v0xc82290_0, 1, 1;
L_0xc843b0 .part v0xc82290_0, 5, 1;
L_0xc84210 .part v0xc821c0_0, 2, 1;
L_0xc846c0 .part/pv L_0xc83fe0, 1, 1, 8;
L_0xc84830 .part v0xc82290_0, 0, 1;
L_0xc84920 .part v0xc82290_0, 4, 1;
L_0xc84760 .part v0xc821c0_0, 2, 1;
L_0xc84b40 .part/pv L_0xc844a0, 0, 1, 8;
L_0xc84de0 .part RS_0x7f88a66ef2a8, 7, 1;
L_0xc84f20 .part v0xc821c0_0, 1, 1;
L_0xc84cf0 .part/pv L_0xc84a10, 7, 1, 8;
L_0xc851b0 .part RS_0x7f88a66ef2a8, 6, 1;
L_0xc85060 .part v0xc821c0_0, 1, 1;
L_0xc85400 .part/pv L_0xc85110, 6, 1, 8;
L_0xc85660 .part RS_0x7f88a66ef2a8, 5, 1;
L_0xc85700 .part RS_0x7f88a66ef2a8, 7, 1;
L_0xc85540 .part v0xc821c0_0, 1, 1;
L_0xc85920 .part/pv L_0xc852a0, 5, 1, 8;
L_0xc85b50 .part RS_0x7f88a66ef2a8, 4, 1;
L_0xc85bf0 .part RS_0x7f88a66ef2a8, 6, 1;
L_0xc85a10 .part v0xc821c0_0, 1, 1;
L_0xc85e30 .part/pv L_0xc857f0, 4, 1, 8;
L_0xc85d80 .part RS_0x7f88a66ef2a8, 3, 1;
L_0xc860c0 .part RS_0x7f88a66ef2a8, 5, 1;
L_0xc84be0 .part v0xc821c0_0, 1, 1;
L_0xc85f60 .part/pv L_0xc85ce0, 3, 1, 8;
L_0xc865e0 .part RS_0x7f88a66ef2a8, 2, 1;
L_0xc86680 .part RS_0x7f88a66ef2a8, 4, 1;
L_0xc863c0 .part v0xc821c0_0, 1, 1;
L_0xc86900 .part/pv L_0xc86540, 2, 1, 8;
L_0xc86810 .part RS_0x7f88a66ef2a8, 1, 1;
L_0xc86b40 .part RS_0x7f88a66ef2a8, 3, 1;
L_0xc869a0 .part v0xc821c0_0, 1, 1;
L_0xc86a90 .part/pv L_0xc86770, 1, 1, 8;
L_0xc86c30 .part RS_0x7f88a66ef2a8, 0, 1;
L_0xc86d20 .part RS_0x7f88a66ef2a8, 2, 1;
L_0xc86ff0 .part v0xc821c0_0, 1, 1;
L_0xc870e0 .part/pv L_0xc84600, 0, 1, 8;
L_0xc872a0 .part RS_0x7f88a66ef2d8, 7, 1;
L_0xc87710 .part v0xc821c0_0, 0, 1;
L_0xc874e0 .part/pv L_0xc87200, 7, 1, 8;
L_0xc879f0 .part RS_0x7f88a66ef2d8, 6, 1;
L_0xc87800 .part RS_0x7f88a66ef2d8, 7, 1;
L_0xc878f0 .part v0xc821c0_0, 0, 1;
L_0xc87cf0 .part/pv L_0xc87620, 6, 1, 8;
L_0xc87e80 .part RS_0x7f88a66ef2d8, 5, 1;
L_0xc87ae0 .part RS_0x7f88a66ef2d8, 6, 1;
L_0xc87bd0 .part v0xc821c0_0, 0, 1;
L_0xc881a0 .part/pv L_0xc87de0, 5, 1, 8;
L_0xc88370 .part RS_0x7f88a66ef2d8, 4, 1;
L_0xc87f70 .part RS_0x7f88a66ef2d8, 5, 1;
L_0xc88060 .part v0xc821c0_0, 0, 1;
L_0xc886b0 .part/pv L_0xc882d0, 4, 1, 8;
L_0xc887f0 .part RS_0x7f88a66ef2d8, 3, 1;
L_0xc87390 .part RS_0x7f88a66ef2d8, 4, 1;
L_0xc88460 .part v0xc821c0_0, 0, 1;
L_0xc88550 .part/pv L_0xc88750, 3, 1, 8;
L_0xc88e00 .part RS_0x7f88a66ef2d8, 2, 1;
L_0xc88af0 .part RS_0x7f88a66ef2d8, 3, 1;
L_0xc88be0 .part v0xc821c0_0, 0, 1;
L_0xc89130 .part/pv L_0xc88d60, 2, 1, 8;
L_0xc89270 .part RS_0x7f88a66ef2d8, 1, 1;
L_0xc88ea0 .part RS_0x7f88a66ef2d8, 2, 1;
L_0xc88f90 .part v0xc821c0_0, 0, 1;
L_0xc89080 .part/pv L_0xc891d0, 1, 1, 8;
L_0xc89770 .part RS_0x7f88a66ef2d8, 0, 1;
L_0xc89310 .part RS_0x7f88a66ef2d8, 1, 1;
L_0xc89400 .part v0xc821c0_0, 0, 1;
L_0xc894f0 .part/pv L_0xc896d0, 0, 1, 8;
S_0xc81ad0 .scope module, "ins_17" "mux2X1" 3 8, 3 43, S_0xc418c0;
 .timescale 0 0;
v0xc81bc0_0 .net "in0", 0 0, L_0xc82550; 1 drivers
v0xc81c80_0 .net "in1", 0 0, C4<0>; 1 drivers
v0xc81d20_0 .net "out", 0 0, L_0xc823f0; 1 drivers
v0xc81dc0_0 .net "sel", 0 0, L_0xc82720; 1 drivers
L_0xc823f0 .functor MUXZ 1, L_0xc82550, C4<0>, L_0xc82720, C4<>;
S_0xc81730 .scope module, "ins_16" "mux2X1" 3 9, 3 43, S_0xc418c0;
 .timescale 0 0;
v0xc81820_0 .net "in0", 0 0, L_0xc829f0; 1 drivers
v0xc818e0_0 .net "in1", 0 0, C4<0>; 1 drivers
v0xc81980_0 .net "out", 0 0, L_0xc82950; 1 drivers
v0xc81a20_0 .net "sel", 0 0, L_0xc82b70; 1 drivers
L_0xc82950 .functor MUXZ 1, L_0xc829f0, C4<0>, L_0xc82b70, C4<>;
S_0xc81390 .scope module, "ins_15" "mux2X1" 3 10, 3 43, S_0xc418c0;
 .timescale 0 0;
v0xc81480_0 .net "in0", 0 0, L_0xc82e80; 1 drivers
v0xc81540_0 .net "in1", 0 0, C4<0>; 1 drivers
v0xc815e0_0 .net "out", 0 0, L_0xc82de0; 1 drivers
v0xc81680_0 .net "sel", 0 0, L_0xc83040; 1 drivers
L_0xc82de0 .functor MUXZ 1, L_0xc82e80, C4<0>, L_0xc83040, C4<>;
S_0xc80ff0 .scope module, "ins_14" "mux2X1" 3 11, 3 43, S_0xc418c0;
 .timescale 0 0;
v0xc810e0_0 .net "in0", 0 0, L_0xc83350; 1 drivers
v0xc811a0_0 .net "in1", 0 0, C4<0>; 1 drivers
v0xc81240_0 .net "out", 0 0, L_0xc832b0; 1 drivers
v0xc812e0_0 .net "sel", 0 0, L_0xc834a0; 1 drivers
L_0xc832b0 .functor MUXZ 1, L_0xc83350, C4<0>, L_0xc834a0, C4<>;
S_0xc80c50 .scope module, "ins_13" "mux2X1" 3 12, 3 43, S_0xc418c0;
 .timescale 0 0;
v0xc80d40_0 .net "in0", 0 0, L_0xc837d0; 1 drivers
v0xc80e00_0 .net "in1", 0 0, L_0xc838c0; 1 drivers
v0xc80ea0_0 .net "out", 0 0, L_0xc83730; 1 drivers
v0xc80f40_0 .net "sel", 0 0, L_0xc83a30; 1 drivers
L_0xc83730 .functor MUXZ 1, L_0xc837d0, L_0xc838c0, L_0xc83a30, C4<>;
S_0xc808b0 .scope module, "ins_12" "mux2X1" 3 13, 3 43, S_0xc418c0;
 .timescale 0 0;
v0xc809a0_0 .net "in0", 0 0, L_0xc83d40; 1 drivers
v0xc80a60_0 .net "in1", 0 0, L_0xc83f40; 1 drivers
v0xc80b00_0 .net "out", 0 0, L_0xc83ca0; 1 drivers
v0xc80ba0_0 .net "sel", 0 0, L_0xc84080; 1 drivers
L_0xc83ca0 .functor MUXZ 1, L_0xc83d40, L_0xc83f40, L_0xc84080, C4<>;
S_0xc80510 .scope module, "ins_11" "mux2X1" 3 14, 3 43, S_0xc418c0;
 .timescale 0 0;
v0xc80600_0 .net "in0", 0 0, L_0xc842c0; 1 drivers
v0xc806c0_0 .net "in1", 0 0, L_0xc843b0; 1 drivers
v0xc80760_0 .net "out", 0 0, L_0xc83fe0; 1 drivers
v0xc80800_0 .net "sel", 0 0, L_0xc84210; 1 drivers
L_0xc83fe0 .functor MUXZ 1, L_0xc842c0, L_0xc843b0, L_0xc84210, C4<>;
S_0xc80170 .scope module, "ins_10" "mux2X1" 3 15, 3 43, S_0xc418c0;
 .timescale 0 0;
v0xc80260_0 .net "in0", 0 0, L_0xc84830; 1 drivers
v0xc80320_0 .net "in1", 0 0, L_0xc84920; 1 drivers
v0xc803c0_0 .net "out", 0 0, L_0xc844a0; 1 drivers
v0xc80460_0 .net "sel", 0 0, L_0xc84760; 1 drivers
L_0xc844a0 .functor MUXZ 1, L_0xc84830, L_0xc84920, L_0xc84760, C4<>;
S_0xc7fdd0 .scope module, "ins_27" "mux2X1" 3 19, 3 43, S_0xc418c0;
 .timescale 0 0;
v0xc7fec0_0 .net "in0", 0 0, L_0xc84de0; 1 drivers
v0xc7ff80_0 .net "in1", 0 0, C4<0>; 1 drivers
v0xc80020_0 .net "out", 0 0, L_0xc84a10; 1 drivers
v0xc800c0_0 .net "sel", 0 0, L_0xc84f20; 1 drivers
L_0xc84a10 .functor MUXZ 1, L_0xc84de0, C4<0>, L_0xc84f20, C4<>;
S_0xc7fa30 .scope module, "ins_26" "mux2X1" 3 20, 3 43, S_0xc418c0;
 .timescale 0 0;
v0xc7fb20_0 .net "in0", 0 0, L_0xc851b0; 1 drivers
v0xc7fbe0_0 .net "in1", 0 0, C4<0>; 1 drivers
v0xc7fc80_0 .net "out", 0 0, L_0xc85110; 1 drivers
v0xc7fd20_0 .net "sel", 0 0, L_0xc85060; 1 drivers
L_0xc85110 .functor MUXZ 1, L_0xc851b0, C4<0>, L_0xc85060, C4<>;
S_0xc7f690 .scope module, "ins_25" "mux2X1" 3 21, 3 43, S_0xc418c0;
 .timescale 0 0;
v0xc7f780_0 .net "in0", 0 0, L_0xc85660; 1 drivers
v0xc7f840_0 .net "in1", 0 0, L_0xc85700; 1 drivers
v0xc7f8e0_0 .net "out", 0 0, L_0xc852a0; 1 drivers
v0xc7f980_0 .net "sel", 0 0, L_0xc85540; 1 drivers
L_0xc852a0 .functor MUXZ 1, L_0xc85660, L_0xc85700, L_0xc85540, C4<>;
S_0xc7f2f0 .scope module, "ins_24" "mux2X1" 3 22, 3 43, S_0xc418c0;
 .timescale 0 0;
v0xc7f3e0_0 .net "in0", 0 0, L_0xc85b50; 1 drivers
v0xc7f4a0_0 .net "in1", 0 0, L_0xc85bf0; 1 drivers
v0xc7f540_0 .net "out", 0 0, L_0xc857f0; 1 drivers
v0xc7f5e0_0 .net "sel", 0 0, L_0xc85a10; 1 drivers
L_0xc857f0 .functor MUXZ 1, L_0xc85b50, L_0xc85bf0, L_0xc85a10, C4<>;
S_0xc7ef50 .scope module, "ins_23" "mux2X1" 3 23, 3 43, S_0xc418c0;
 .timescale 0 0;
v0xc7f040_0 .net "in0", 0 0, L_0xc85d80; 1 drivers
v0xc7f100_0 .net "in1", 0 0, L_0xc860c0; 1 drivers
v0xc7f1a0_0 .net "out", 0 0, L_0xc85ce0; 1 drivers
v0xc7f240_0 .net "sel", 0 0, L_0xc84be0; 1 drivers
L_0xc85ce0 .functor MUXZ 1, L_0xc85d80, L_0xc860c0, L_0xc84be0, C4<>;
S_0xc7ebb0 .scope module, "ins_22" "mux2X1" 3 24, 3 43, S_0xc418c0;
 .timescale 0 0;
v0xc7eca0_0 .net "in0", 0 0, L_0xc865e0; 1 drivers
v0xc7ed60_0 .net "in1", 0 0, L_0xc86680; 1 drivers
v0xc7ee00_0 .net "out", 0 0, L_0xc86540; 1 drivers
v0xc7eea0_0 .net "sel", 0 0, L_0xc863c0; 1 drivers
L_0xc86540 .functor MUXZ 1, L_0xc865e0, L_0xc86680, L_0xc863c0, C4<>;
S_0xc7e810 .scope module, "ins_21" "mux2X1" 3 25, 3 43, S_0xc418c0;
 .timescale 0 0;
v0xc7e900_0 .net "in0", 0 0, L_0xc86810; 1 drivers
v0xc7e9c0_0 .net "in1", 0 0, L_0xc86b40; 1 drivers
v0xc7ea60_0 .net "out", 0 0, L_0xc86770; 1 drivers
v0xc7eb00_0 .net "sel", 0 0, L_0xc869a0; 1 drivers
L_0xc86770 .functor MUXZ 1, L_0xc86810, L_0xc86b40, L_0xc869a0, C4<>;
S_0xc7e470 .scope module, "ins_20" "mux2X1" 3 26, 3 43, S_0xc418c0;
 .timescale 0 0;
v0xc7e560_0 .net "in0", 0 0, L_0xc86c30; 1 drivers
v0xc7e620_0 .net "in1", 0 0, L_0xc86d20; 1 drivers
v0xc7e6c0_0 .net "out", 0 0, L_0xc84600; 1 drivers
v0xc7e760_0 .net "sel", 0 0, L_0xc86ff0; 1 drivers
L_0xc84600 .functor MUXZ 1, L_0xc86c30, L_0xc86d20, L_0xc86ff0, C4<>;
S_0xc7e0d0 .scope module, "ins_07" "mux2X1" 3 29, 3 43, S_0xc418c0;
 .timescale 0 0;
v0xc7e1c0_0 .net "in0", 0 0, L_0xc872a0; 1 drivers
v0xc7e280_0 .net "in1", 0 0, C4<0>; 1 drivers
v0xc7e320_0 .net "out", 0 0, L_0xc87200; 1 drivers
v0xc7e3c0_0 .net "sel", 0 0, L_0xc87710; 1 drivers
L_0xc87200 .functor MUXZ 1, L_0xc872a0, C4<0>, L_0xc87710, C4<>;
S_0xc7dd30 .scope module, "ins_06" "mux2X1" 3 30, 3 43, S_0xc418c0;
 .timescale 0 0;
v0xc7de20_0 .net "in0", 0 0, L_0xc879f0; 1 drivers
v0xc7dee0_0 .net "in1", 0 0, L_0xc87800; 1 drivers
v0xc7df80_0 .net "out", 0 0, L_0xc87620; 1 drivers
v0xc7e020_0 .net "sel", 0 0, L_0xc878f0; 1 drivers
L_0xc87620 .functor MUXZ 1, L_0xc879f0, L_0xc87800, L_0xc878f0, C4<>;
S_0xc7d990 .scope module, "ins_05" "mux2X1" 3 31, 3 43, S_0xc418c0;
 .timescale 0 0;
v0xc7da80_0 .net "in0", 0 0, L_0xc87e80; 1 drivers
v0xc7db40_0 .net "in1", 0 0, L_0xc87ae0; 1 drivers
v0xc7dbe0_0 .net "out", 0 0, L_0xc87de0; 1 drivers
v0xc7dc80_0 .net "sel", 0 0, L_0xc87bd0; 1 drivers
L_0xc87de0 .functor MUXZ 1, L_0xc87e80, L_0xc87ae0, L_0xc87bd0, C4<>;
S_0xc7d5f0 .scope module, "ins_04" "mux2X1" 3 32, 3 43, S_0xc418c0;
 .timescale 0 0;
v0xc7d6e0_0 .net "in0", 0 0, L_0xc88370; 1 drivers
v0xc7d7a0_0 .net "in1", 0 0, L_0xc87f70; 1 drivers
v0xc7d840_0 .net "out", 0 0, L_0xc882d0; 1 drivers
v0xc7d8e0_0 .net "sel", 0 0, L_0xc88060; 1 drivers
L_0xc882d0 .functor MUXZ 1, L_0xc88370, L_0xc87f70, L_0xc88060, C4<>;
S_0xc7d250 .scope module, "ins_03" "mux2X1" 3 33, 3 43, S_0xc418c0;
 .timescale 0 0;
v0xc7d340_0 .net "in0", 0 0, L_0xc887f0; 1 drivers
v0xc7d400_0 .net "in1", 0 0, L_0xc87390; 1 drivers
v0xc7d4a0_0 .net "out", 0 0, L_0xc88750; 1 drivers
v0xc7d540_0 .net "sel", 0 0, L_0xc88460; 1 drivers
L_0xc88750 .functor MUXZ 1, L_0xc887f0, L_0xc87390, L_0xc88460, C4<>;
S_0xc7ceb0 .scope module, "ins_02" "mux2X1" 3 34, 3 43, S_0xc418c0;
 .timescale 0 0;
v0xc7cfa0_0 .net "in0", 0 0, L_0xc88e00; 1 drivers
v0xc7d060_0 .net "in1", 0 0, L_0xc88af0; 1 drivers
v0xc7d100_0 .net "out", 0 0, L_0xc88d60; 1 drivers
v0xc7d1a0_0 .net "sel", 0 0, L_0xc88be0; 1 drivers
L_0xc88d60 .functor MUXZ 1, L_0xc88e00, L_0xc88af0, L_0xc88be0, C4<>;
S_0xc7cb10 .scope module, "ins_01" "mux2X1" 3 35, 3 43, S_0xc418c0;
 .timescale 0 0;
v0xc7cc00_0 .net "in0", 0 0, L_0xc89270; 1 drivers
v0xc7ccc0_0 .net "in1", 0 0, L_0xc88ea0; 1 drivers
v0xc7cd60_0 .net "out", 0 0, L_0xc891d0; 1 drivers
v0xc7ce00_0 .net "sel", 0 0, L_0xc88f90; 1 drivers
L_0xc891d0 .functor MUXZ 1, L_0xc89270, L_0xc88ea0, L_0xc88f90, C4<>;
S_0xc42660 .scope module, "ins_00" "mux2X1" 3 36, 3 43, S_0xc418c0;
 .timescale 0 0;
v0xc24f90_0 .net "in0", 0 0, L_0xc89770; 1 drivers
v0xc7c920_0 .net "in1", 0 0, L_0xc89310; 1 drivers
v0xc7c9c0_0 .net "out", 0 0, L_0xc896d0; 1 drivers
v0xc7ca60_0 .net "sel", 0 0, L_0xc89400; 1 drivers
L_0xc896d0 .functor MUXZ 1, L_0xc89770, L_0xc89310, L_0xc89400, C4<>;
    .scope S_0xc56a80;
T_0 ;
    %vpi_call 2 10 "$dumpfile", "dump.vcd";
    %vpi_call 2 11 "$dumpvars", 2'sb01;
    %vpi_call 2 12 "$display", $time, " << Starting the Simulation >>";
    %set/v v0xc82290_0, 0, 8;
    %set/v v0xc821c0_0, 0, 3;
    %delay 10, 0;
    %movi 8, 128, 8;
    %set/v v0xc82290_0, 8, 8;
    %movi 8, 4, 3;
    %set/v v0xc821c0_0, 8, 3;
    %delay 10, 0;
    %movi 8, 128, 8;
    %set/v v0xc82290_0, 8, 8;
    %movi 8, 2, 3;
    %set/v v0xc821c0_0, 8, 3;
    %delay 10, 0;
    %movi 8, 128, 8;
    %set/v v0xc82290_0, 8, 8;
    %movi 8, 1, 3;
    %set/v v0xc821c0_0, 8, 3;
    %delay 10, 0;
    %set/v v0xc82290_0, 1, 8;
    %set/v v0xc821c0_0, 1, 3;
    %end;
    .thread T_0;
    .scope S_0xc56a80;
T_1 ;
    %vpi_call 2 20 "$monitor", "Input=%d, Control=%d, Output=%d", v0xc82290_0, v0xc821c0_0, v0xc82340_0;
    %end;
    .thread T_1;
# The file index is used to find the file name in the following table.
:file_names 4;
    "N/A";
    "<interactive>";
    "testbench.sv";
    "design.sv";
