#! /usr/share/iverilog-0.9.7/bin/vvp
:ivl_version "0.9.7 " "(v0_9_6)";
:vpi_time_precision + 0;
:vpi_module "system";
:vpi_module "v2005_math";
:vpi_module "va_math";
S_0xab3960 .scope module, "tb_single_port_ram" "tb_single_port_ram" 2 1;
 .timescale 0 0;
v0xac4e50_0 .var "address", 3 0;
v0xac4f20_0 .var "data_in", 7 0;
v0xac4fd0_0 .net "data_out", 7 0, v0xac49f0_0; 1 drivers
v0xac5080_0 .var "write_enable", 0 0;
S_0xab3a50 .scope module, "uut" "single_port_ram" 2 8, 3 1, S_0xab3960;
 .timescale 0 0;
v0xa8fb00_0 .net "address", 3 0, v0xac4e50_0; 1 drivers
v0xac4950_0 .net "data_in", 7 0, v0xac4f20_0; 1 drivers
v0xac49f0_0 .var "data_out", 7 0;
v0xac4a90 .array "memory", 15 0, 7 0;
v0xac4db0_0 .net "write_enable", 0 0, v0xac5080_0; 1 drivers
v0xac4a90_0 .array/port v0xac4a90, 0;
v0xac4a90_1 .array/port v0xac4a90, 1;
v0xac4a90_2 .array/port v0xac4a90, 2;
E_0xa8ef70/0 .event edge, v0xa8fb00_0, v0xac4a90_0, v0xac4a90_1, v0xac4a90_2;
v0xac4a90_3 .array/port v0xac4a90, 3;
v0xac4a90_4 .array/port v0xac4a90, 4;
v0xac4a90_5 .array/port v0xac4a90, 5;
v0xac4a90_6 .array/port v0xac4a90, 6;
E_0xa8ef70/1 .event edge, v0xac4a90_3, v0xac4a90_4, v0xac4a90_5, v0xac4a90_6;
v0xac4a90_7 .array/port v0xac4a90, 7;
v0xac4a90_8 .array/port v0xac4a90, 8;
v0xac4a90_9 .array/port v0xac4a90, 9;
v0xac4a90_10 .array/port v0xac4a90, 10;
E_0xa8ef70/2 .event edge, v0xac4a90_7, v0xac4a90_8, v0xac4a90_9, v0xac4a90_10;
v0xac4a90_11 .array/port v0xac4a90, 11;
v0xac4a90_12 .array/port v0xac4a90, 12;
v0xac4a90_13 .array/port v0xac4a90, 13;
v0xac4a90_14 .array/port v0xac4a90, 14;
E_0xa8ef70/3 .event edge, v0xac4a90_11, v0xac4a90_12, v0xac4a90_13, v0xac4a90_14;
v0xac4a90_15 .array/port v0xac4a90, 15;
E_0xa8ef70/4 .event edge, v0xac4a90_15;
E_0xa8ef70 .event/or E_0xa8ef70/0, E_0xa8ef70/1, E_0xa8ef70/2, E_0xa8ef70/3, E_0xa8ef70/4;
E_0xa91410 .event posedge, v0xac4db0_0;
    .scope S_0xab3a50;
T_0 ;
    %wait E_0xa91410;
    %load/v 8, v0xac4950_0, 8;
    %ix/getv 3, v0xa8fb00_0;
    %jmp/1 t_0, 4;
    %ix/load 0, 8, 0; word width
    %ix/load 1, 0, 0; part off
    %assign/av v0xac4a90, 0, 8;
t_0 ;
    %jmp T_0;
    .thread T_0;
    .scope S_0xab3a50;
T_1 ;
    %wait E_0xa8ef70;
    %ix/getv 3, v0xa8fb00_0;
    %load/av 8, v0xac4a90, 8;
    %set/v v0xac49f0_0, 8, 8;
    %jmp T_1;
    .thread T_1, $push;
    .scope S_0xab3960;
T_2 ;
    %vpi_call 2 17 "$dumpfile", "waveform.vcd";
    %vpi_call 2 18 "$dumpvars", 1'sb0, S_0xab3960;
    %set/v v0xac4e50_0, 0, 4;
    %set/v v0xac4f20_0, 0, 8;
    %set/v v0xac5080_0, 0, 1;
    %delay 5, 0;
    %set/v v0xac5080_0, 1, 1;
    %movi 8, 170, 8;
    %set/v v0xac4f20_0, 8, 8;
    %movi 8, 2, 4;
    %set/v v0xac4e50_0, 8, 4;
    %delay 5, 0;
    %set/v v0xac5080_0, 0, 1;
    %movi 8, 2, 4;
    %set/v v0xac4e50_0, 8, 4;
    %vpi_call 2 30 "$finish";
    %end;
    .thread T_2;
# The file index is used to find the file name in the following table.
:file_names 4;
    "N/A";
    "<interactive>";
    "testbench.sv";
    "design.sv";
