#! /usr/share/iverilog-0.9.7/bin/vvp
:ivl_version "0.9.7 " "(v0_9_6)";
:vpi_time_precision + 0;
:vpi_module "system";
:vpi_module "v2005_math";
:vpi_module "va_math";
S_0x1f957d0 .scope module, "tb_decoder_4to16" "tb_decoder_4to16" 2 1;
 .timescale 0 0;
v0x1fa7fe0_0 .var "input_bits", 3 0;
v0x1fa80b0_0 .net "output_bits", 15 0, v0x1fa7f40_0; 1 drivers
S_0x1f958c0 .scope module, "uut" "decoder_4to16" 2 6, 3 1, S_0x1f957d0;
 .timescale 0 0;
v0x1f73800_0 .net "input_bits", 3 0, v0x1fa7fe0_0; 1 drivers
v0x1fa7f40_0 .var "output_bits", 15 0;
E_0x1f72980 .event edge, v0x1f73800_0;
    .scope S_0x1f958c0;
T_0 ;
    %wait E_0x1f72980;
    %load/v 8, v0x1f73800_0, 4;
    %cmpi/u 8, 0, 4;
    %jmp/1 T_0.0, 6;
    %cmpi/u 8, 1, 4;
    %jmp/1 T_0.1, 6;
    %cmpi/u 8, 2, 4;
    %jmp/1 T_0.2, 6;
    %cmpi/u 8, 3, 4;
    %jmp/1 T_0.3, 6;
    %cmpi/u 8, 4, 4;
    %jmp/1 T_0.4, 6;
    %cmpi/u 8, 5, 4;
    %jmp/1 T_0.5, 6;
    %cmpi/u 8, 6, 4;
    %jmp/1 T_0.6, 6;
    %cmpi/u 8, 7, 4;
    %jmp/1 T_0.7, 6;
    %cmpi/u 8, 8, 4;
    %jmp/1 T_0.8, 6;
    %cmpi/u 8, 9, 4;
    %jmp/1 T_0.9, 6;
    %cmpi/u 8, 10, 4;
    %jmp/1 T_0.10, 6;
    %cmpi/u 8, 11, 4;
    %jmp/1 T_0.11, 6;
    %cmpi/u 8, 12, 4;
    %jmp/1 T_0.12, 6;
    %cmpi/u 8, 13, 4;
    %jmp/1 T_0.13, 6;
    %cmpi/u 8, 14, 4;
    %jmp/1 T_0.14, 6;
    %cmpi/u 8, 15, 4;
    %jmp/1 T_0.15, 6;
    %set/v v0x1fa7f40_0, 0, 16;
    %jmp T_0.17;
T_0.0 ;
    %movi 8, 1, 16;
    %set/v v0x1fa7f40_0, 8, 16;
    %jmp T_0.17;
T_0.1 ;
    %movi 8, 2, 16;
    %set/v v0x1fa7f40_0, 8, 16;
    %jmp T_0.17;
T_0.2 ;
    %movi 8, 4, 16;
    %set/v v0x1fa7f40_0, 8, 16;
    %jmp T_0.17;
T_0.3 ;
    %movi 8, 8, 16;
    %set/v v0x1fa7f40_0, 8, 16;
    %jmp T_0.17;
T_0.4 ;
    %movi 8, 16, 16;
    %set/v v0x1fa7f40_0, 8, 16;
    %jmp T_0.17;
T_0.5 ;
    %movi 8, 32, 16;
    %set/v v0x1fa7f40_0, 8, 16;
    %jmp T_0.17;
T_0.6 ;
    %movi 8, 64, 16;
    %set/v v0x1fa7f40_0, 8, 16;
    %jmp T_0.17;
T_0.7 ;
    %movi 8, 128, 16;
    %set/v v0x1fa7f40_0, 8, 16;
    %jmp T_0.17;
T_0.8 ;
    %movi 8, 256, 16;
    %set/v v0x1fa7f40_0, 8, 16;
    %jmp T_0.17;
T_0.9 ;
    %movi 8, 512, 16;
    %set/v v0x1fa7f40_0, 8, 16;
    %jmp T_0.17;
T_0.10 ;
    %movi 8, 1024, 16;
    %set/v v0x1fa7f40_0, 8, 16;
    %jmp T_0.17;
T_0.11 ;
    %movi 8, 2048, 16;
    %set/v v0x1fa7f40_0, 8, 16;
    %jmp T_0.17;
T_0.12 ;
    %movi 8, 4096, 16;
    %set/v v0x1fa7f40_0, 8, 16;
    %jmp T_0.17;
T_0.13 ;
    %movi 8, 8192, 16;
    %set/v v0x1fa7f40_0, 8, 16;
    %jmp T_0.17;
T_0.14 ;
    %movi 8, 16384, 16;
    %set/v v0x1fa7f40_0, 8, 16;
    %jmp T_0.17;
T_0.15 ;
    %movi 8, 32768, 16;
    %set/v v0x1fa7f40_0, 8, 16;
    %jmp T_0.17;
T_0.17 ;
    %jmp T_0;
    .thread T_0, $push;
    .scope S_0x1f957d0;
T_1 ;
    %vpi_call 2 13 "$dumpfile", "waveform.vcd";
    %vpi_call 2 14 "$dumpvars", 1'sb0, S_0x1f957d0;
    %set/v v0x1fa7fe0_0, 0, 4;
    %delay 5, 0;
    %movi 8, 6, 4;
    %set/v v0x1fa7fe0_0, 8, 4;
    %delay 5, 0;
    %movi 8, 11, 4;
    %set/v v0x1fa7fe0_0, 8, 4;
    %delay 5, 0;
    %movi 8, 13, 4;
    %set/v v0x1fa7fe0_0, 8, 4;
    %vpi_call 2 25 "$finish";
    %end;
    .thread T_1;
# The file index is used to find the file name in the following table.
:file_names 4;
    "N/A";
    "<interactive>";
    "design.sv";
    "testbench.sv";
