#! /usr/share/iverilog-0.9.7/bin/vvp
:ivl_version "0.9.7 " "(v0_9_6)";
:vpi_time_precision + 0;
:vpi_module "system";
:vpi_module "v2005_math";
:vpi_module "va_math";
S_0x13a6d30 .scope module, "tb_tens_complement_generator" "tb_tens_complement_generator" 2 1;
 .timescale 0 0;
v0x13b6140_0 .var "input_number", 3 0;
v0x13b6210_0 .net "tens_complement", 3 0, v0x13b60a0_0; 1 drivers
S_0x13a6e20 .scope module, "uut" "tens_complement_generator" 2 6, 3 1, S_0x13a6d30;
 .timescale 0 0;
v0x1383ed0_0 .net "input_number", 3 0, v0x13b6140_0; 1 drivers
v0x13b60a0_0 .var "tens_complement", 3 0;
E_0x13715a0 .event edge, v0x1383ed0_0;
    .scope S_0x13a6e20;
T_0 ;
    %wait E_0x13715a0;
    %movi 8, 10, 4;
    %load/v 12, v0x1383ed0_0, 4;
    %sub 8, 12, 4;
    %set/v v0x13b60a0_0, 8, 4;
    %jmp T_0;
    .thread T_0, $push;
    .scope S_0x13a6d30;
T_1 ;
    %vpi_call 2 13 "$dumpfile", "waveform.vcd";
    %vpi_call 2 14 "$dumpvars", 1'sb0, S_0x13a6d30;
    %set/v v0x13b6140_0, 0, 4;
    %delay 5, 0;
    %movi 8, 10, 4;
    %set/v v0x13b6140_0, 8, 4;
    %delay 5, 0;
    %movi 8, 6, 4;
    %set/v v0x13b6140_0, 8, 4;
    %delay 5, 0;
    %movi 8, 13, 4;
    %set/v v0x13b6140_0, 8, 4;
    %vpi_call 2 25 "$finish";
    %end;
    .thread T_1;
# The file index is used to find the file name in the following table.
:file_names 4;
    "N/A";
    "<interactive>";
    "testbench.sv";
    "design.sv";
