#! /usr/share/iverilog-0.9.7/bin/vvp
:ivl_version "0.9.7 " "(v0_9_6)";
:vpi_time_precision + 0;
:vpi_module "system";
:vpi_module "v2005_math";
:vpi_module "va_math";
S_0x130e2f0 .scope module, "tb_pipo_register_8bit" "tb_pipo_register_8bit" 2 1;
 .timescale 0 0;
v0x131f370_0 .var "clock", 0 0;
v0x131f440_0 .var "data_in", 7 0;
v0x131f4f0_0 .net "data_out", 7 0, v0x131f220_0; 1 drivers
v0x131f5a0_0 .var "load", 0 0;
S_0x130e3e0 .scope module, "uut" "pipo_register_8bit" 2 8, 3 1, S_0x130e2f0;
 .timescale 0 0;
v0x12eba40_0 .net "clock", 0 0, v0x131f370_0; 1 drivers
v0x131f180_0 .net "data_in", 7 0, v0x131f440_0; 1 drivers
v0x131f220_0 .var "data_out", 7 0;
v0x131f2c0_0 .net "load", 0 0, v0x131f5a0_0; 1 drivers
E_0x130e7b0 .event posedge, v0x12eba40_0;
    .scope S_0x130e3e0;
T_0 ;
    %wait E_0x130e7b0;
    %load/v 8, v0x131f2c0_0, 1;
    %jmp/0xz  T_0.0, 8;
    %load/v 8, v0x131f180_0, 8;
    %ix/load 0, 8, 0;
    %assign/v0 v0x131f220_0, 0, 8;
T_0.0 ;
    %jmp T_0;
    .thread T_0;
    .scope S_0x130e2f0;
T_1 ;
    %vpi_call 2 17 "$dumpfile", "waveform.vcd";
    %vpi_call 2 18 "$dumpvars", 1'sb0, S_0x130e2f0;
    %set/v v0x131f440_0, 0, 8;
    %set/v v0x131f370_0, 0, 1;
    %set/v v0x131f5a0_0, 0, 1;
    %delay 5, 0;
    %set/v v0x131f5a0_0, 1, 1;
    %delay 5, 0;
    %set/v v0x131f5a0_0, 0, 1;
    %movi 8, 170, 8;
    %set/v v0x131f440_0, 8, 8;
    %delay 5, 0;
    %set/v v0x131f5a0_0, 1, 1;
    %delay 5, 0;
    %set/v v0x131f5a0_0, 0, 1;
    %movi 8, 10, 5;
T_1.0 %cmp/s 0, 8, 5;
    %jmp/0xz T_1.1, 5;
    %add 8, 1, 5;
    %delay 5, 0;
    %load/v 13, v0x131f370_0, 1;
    %inv 13, 1;
    %set/v v0x131f370_0, 13, 1;
    %jmp T_1.0;
T_1.1 ;
    %vpi_call 2 38 "$finish";
    %end;
    .thread T_1;
# The file index is used to find the file name in the following table.
:file_names 4;
    "N/A";
    "<interactive>";
    "testbench.sv";
    "design.sv";
