#! /usr/share/iverilog-0.9.7/bin/vvp
:ivl_version "0.9.7 " "(v0_9_6)";
:vpi_time_precision + 0;
:vpi_module "system";
:vpi_module "v2005_math";
:vpi_module "va_math";
S_0x1a08f00 .scope module, "tb_sr_flip_flop" "tb_sr_flip_flop" 2 2;
 .timescale 0 0;
v0x1a1d1e0_0 .var "CLK_tb", 0 0;
v0x1a1d2b0_0 .net "Q_tb", 0 0, v0x1a1cf50_0; 1 drivers
v0x1a1d360_0 .net "Qn_tb", 0 0, v0x1a1cff0_0; 1 drivers
v0x1a1d410_0 .var "R_tb", 0 0;
v0x1a1d4f0_0 .var "S_tb", 0 0;
S_0x1a08ff0 .scope module, "uut" "sr_flip_flop" 2 14, 3 2, S_0x1a08f00;
 .timescale 0 0;
v0x19f7820_0 .net "CLK", 0 0, v0x1a1d1e0_0; 1 drivers
v0x1a1cf50_0 .var "Q", 0 0;
v0x1a1cff0_0 .var "Qn", 0 0;
v0x1a1d090_0 .net "R", 0 0, v0x1a1d410_0; 1 drivers
v0x1a1d140_0 .net "S", 0 0, v0x1a1d4f0_0; 1 drivers
E_0x19e5db0 .event posedge, v0x1a1d090_0, v0x1a1d140_0, v0x19f7820_0;
    .scope S_0x1a08ff0;
T_0 ;
    %wait E_0x19e5db0;
    %load/v 8, v0x1a1d140_0, 1;
    %jmp/0xz  T_0.0, 8;
    %ix/load 0, 1, 0;
    %assign/v0 v0x1a1cf50_0, 0, 1;
    %ix/load 0, 1, 0;
    %assign/v0 v0x1a1cff0_0, 0, 0;
    %jmp T_0.1;
T_0.0 ;
    %load/v 8, v0x1a1d090_0, 1;
    %jmp/0xz  T_0.2, 8;
    %ix/load 0, 1, 0;
    %assign/v0 v0x1a1cf50_0, 0, 0;
    %ix/load 0, 1, 0;
    %assign/v0 v0x1a1cff0_0, 0, 1;
    %jmp T_0.3;
T_0.2 ;
    %load/v 8, v0x1a1cf50_0, 1;
    %ix/load 0, 1, 0;
    %assign/v0 v0x1a1cf50_0, 0, 8;
    %load/v 8, v0x1a1cff0_0, 1;
    %ix/load 0, 1, 0;
    %assign/v0 v0x1a1cff0_0, 0, 8;
T_0.3 ;
T_0.1 ;
    %jmp T_0;
    .thread T_0;
    .scope S_0x1a08f00;
T_1 ;
    %set/v v0x1a1d1e0_0, 0, 1;
    %delay 5, 0;
    %set/v v0x1a1d1e0_0, 1, 1;
    %delay 5, 0;
    %jmp T_1;
    .thread T_1;
    .scope S_0x1a08f00;
T_2 ;
    %vpi_call 2 32 "$dumpfile", "dump.vcd";
    %vpi_call 2 33 "$dumpvars", 2'sb01;
    %set/v v0x1a1d4f0_0, 0, 1;
    %set/v v0x1a1d410_0, 0, 1;
    %vpi_call 2 39 "$display", "Time  S  R  Q  Qn";
    %vpi_call 2 40 "$display", "----  -  -  -  --";
    %delay 10, 0;
    %set/v v0x1a1d4f0_0, 1, 1;
    %set/v v0x1a1d410_0, 0, 1;
    %delay 10, 0;
    %set/v v0x1a1d4f0_0, 0, 1;
    %set/v v0x1a1d410_0, 1, 1;
    %delay 10, 0;
    %set/v v0x1a1d4f0_0, 0, 1;
    %set/v v0x1a1d410_0, 0, 1;
    %delay 10, 0;
    %set/v v0x1a1d4f0_0, 1, 1;
    %set/v v0x1a1d410_0, 1, 1;
    %delay 10, 0;
    %set/v v0x1a1d4f0_0, 0, 1;
    %set/v v0x1a1d410_0, 0, 1;
    %delay 10, 0;
    %set/v v0x1a1d4f0_0, 1, 1;
    %set/v v0x1a1d410_0, 0, 1;
    %delay 10, 0;
    %set/v v0x1a1d4f0_0, 0, 1;
    %set/v v0x1a1d410_0, 1, 1;
    %delay 10, 0;
    %set/v v0x1a1d4f0_0, 0, 1;
    %set/v v0x1a1d410_0, 0, 1;
    %vpi_call 2 51 "$finish";
    %end;
    .thread T_2;
# The file index is used to find the file name in the following table.
:file_names 4;
    "N/A";
    "<interactive>";
    "testbench.sv";
    "design.sv";
